#
# There is insufficient memory for the Java Runtime Environment to continue.
# Native memory allocation (malloc) failed to allocate 1440288 bytes for Chunk::new
# Possible reasons:
#   The system is out of physical RAM or swap space
#   The process is running with CompressedOops enabled, and the Java Heap may be blocking the growth of the native heap
# Possible solutions:
#   Reduce memory load on the system
#   Increase physical memory or swap space
#   Check if swap backing store is full
#   Decrease Java heap size (-Xmx/-Xms)
#   Decrease number of Java threads
#   Decrease Java thread stack sizes (-Xss)
#   Set larger code cache with -XX:ReservedCodeCacheSize=
#   JVM is running with Unscaled Compressed Oops mode in which the Java heap is
#     placed in the first 4GB address space. The Java Heap base address is the
#     maximum limit for the native heap growth. Please use -XX:HeapBaseMinAddress
#     to set the Java Heap base and to place the Java Heap above 4GB virtual address.
# This output file may be truncated or incomplete.
#
#  Out of Memory Error (./open/src/hotspot/share/memory/arena.cpp:195), pid=9980, tid=10228
#
# JRE version: Java(TM) SE Runtime Environment (14.0.2+12) (build 14.0.2+12-46)
# Java VM: Java HotSpot(TM) 64-Bit Server VM (14.0.2+12-46, mixed mode, sharing, tiered, compressed oops, g1 gc, windows-amd64)
# No core dump will be written. Minidumps are not enabled by default on client versions of Windows
#

---------------  S U M M A R Y ------------

Command Line: --add-opens=java.base/java.util=ALL-UNNAMED --add-opens=java.base/java.lang=ALL-UNNAMED --add-opens=java.base/java.lang.invoke=ALL-UNNAMED --add-opens=java.prefs/java.util.prefs=ALL-UNNAMED -XX:MaxMetaspaceSize=256m -XX:+HeapDumpOnOutOfMemoryError -Xms256m -Xmx512m -Dfile.encoding=windows-1252 -Duser.country=US -Duser.language=en -Duser.variant org.gradle.launcher.daemon.bootstrap.GradleDaemon 6.5.1

Host: Intel Core Processor (Skylake), 2 cores, 7G,  Windows 10 , 64 bit Build 18362 (10.0.18362.1082)
Time: Wed Sep 16 16:39:33 2020 Pacific Daylight Time elapsed time: 3 seconds (0d 0h 0m 3s)

---------------  T H R E A D  ---------------

Current thread (0x00000217afc26000):  JavaThread "C2 CompilerThread0" daemon [_thread_in_native, id=10228, stack(0x00000044e6900000,0x00000044e6a00000)]


Current CompileTask:
C2:   3399 2549       4       java.util.AbstractCollection::addAll (42 bytes)

Stack: [0x00000044e6900000,0x00000044e6a00000]
Native frames: (J=compiled Java code, j=interpreted, Vv=VM code, C=native code)
V  [jvm.dll+0x5f8a9a]
V  [jvm.dll+0x74247a]
V  [jvm.dll+0x743c2f]
V  [jvm.dll+0x744273]
V  [jvm.dll+0x20d288]
V  [jvm.dll+0xabb07]
V  [jvm.dll+0xac1fc]
V  [jvm.dll+0x31c495]
V  [jvm.dll+0x2e6b38]
V  [jvm.dll+0x2e5f3a]
V  [jvm.dll+0x1e5e16]
V  [jvm.dll+0x1e50b8]
V  [jvm.dll+0x1779cc]
V  [jvm.dll+0x1f4105]
V  [jvm.dll+0x1f22eb]
V  [jvm.dll+0x7070cd]
V  [jvm.dll+0x6ffeda]
V  [jvm.dll+0x5f78f6]
C  [ucrtbase.dll+0x20e82]
C  [KERNEL32.DLL+0x17bd4]
C  [ntdll.dll+0x6ce51]


---------------  P R O C E S S  ---------------

Threads class SMR info:
_java_thread_list=0x00000217b2b124a0, length=30, elements={
0x000002179508b800, 0x00000217afbe1000, 0x00000217afbe3000, 0x00000217afc01000,
0x00000217afc02000, 0x00000217afc04800, 0x00000217afc26000, 0x00000217afc2d000,
0x00000217afc30000, 0x00000217b0564800, 0x00000217b056b000, 0x00000217b10d3800,
0x00000217b107e800, 0x00000217b2196800, 0x00000217b1850800, 0x00000217b107f000,
0x00000217b2210800, 0x00000217b2211000, 0x00000217b1f0c000, 0x00000217b21be800,
0x00000217b21bc800, 0x00000217b21bd800, 0x00000217b21bf000, 0x00000217b21c0000,
0x00000217b21ba800, 0x00000217b21c1000, 0x00000217b21bb000, 0x00000217b21bc000,
0x00000217b4370800, 0x00000217b436f800
}

Java Threads: ( => current thread )
  0x000002179508b800 JavaThread "main" [_thread_blocked, id=13012, stack(0x00000044e5d00000,0x00000044e5e00000)]
  0x00000217afbe1000 JavaThread "Reference Handler" daemon [_thread_blocked, id=12676, stack(0x00000044e6400000,0x00000044e6500000)]
  0x00000217afbe3000 JavaThread "Finalizer" daemon [_thread_blocked, id=2904, stack(0x00000044e6500000,0x00000044e6600000)]
  0x00000217afc01000 JavaThread "Signal Dispatcher" daemon [_thread_blocked, id=10964, stack(0x00000044e6600000,0x00000044e6700000)]
  0x00000217afc02000 JavaThread "Attach Listener" daemon [_thread_blocked, id=7612, stack(0x00000044e6700000,0x00000044e6800000)]
  0x00000217afc04800 JavaThread "Service Thread" daemon [_thread_blocked, id=13048, stack(0x00000044e6800000,0x00000044e6900000)]
=>0x00000217afc26000 JavaThread "C2 CompilerThread0" daemon [_thread_in_native, id=10228, stack(0x00000044e6900000,0x00000044e6a00000)]
  0x00000217afc2d000 JavaThread "C1 CompilerThread0" daemon [_thread_blocked, id=9128, stack(0x00000044e6a00000,0x00000044e6b00000)]
  0x00000217afc30000 JavaThread "Sweeper thread" daemon [_thread_blocked, id=4540, stack(0x00000044e6b00000,0x00000044e6c00000)]
  0x00000217b0564800 JavaThread "Common-Cleaner" daemon [_thread_blocked, id=12744, stack(0x00000044e6c00000,0x00000044e6d00000)]
  0x00000217b056b000 JavaThread "Notification Thread" daemon [_thread_blocked, id=12812, stack(0x00000044e6d00000,0x00000044e6e00000)]
  0x00000217b10d3800 JavaThread "Daemon health stats" [_thread_blocked, id=10988, stack(0x00000044e7100000,0x00000044e7200000)]
  0x00000217b107e800 JavaThread "Incoming local TCP Connector on port 52500" [_thread_in_native, id=1212, stack(0x00000044e7400000,0x00000044e7500000)]
  0x00000217b2196800 JavaThread "Daemon periodic checks" [_thread_blocked, id=6264, stack(0x00000044e7500000,0x00000044e7600000)]
  0x00000217b1850800 JavaThread "Daemon" [_thread_blocked, id=12696, stack(0x00000044e7600000,0x00000044e7700000)]
  0x00000217b107f000 JavaThread "Handler for socket connection from /127.0.0.1:52500 to /127.0.0.1:52501" [_thread_in_native, id=5008, stack(0x00000044e7700000,0x00000044e7800000)]
  0x00000217b2210800 JavaThread "Cancel handler" [_thread_blocked, id=12388, stack(0x00000044e7800000,0x00000044e7900000)]
  0x00000217b2211000 JavaThread "Daemon worker" [_thread_in_vm, id=13044, stack(0x00000044e7900000,0x00000044e7a00000)]
  0x00000217b1f0c000 JavaThread "Asynchronous log dispatcher for DefaultDaemonConnection: socket connection from /127.0.0.1:52500 to /127.0.0.1:52501" [_thread_blocked, id=12604, stack(0x00000044e7a00000,0x00000044e7b00000)]
  0x00000217b21be800 JavaThread "Stdin handler" [_thread_blocked, id=12420, stack(0x00000044e7b00000,0x00000044e7c00000)]
  0x00000217b21bc800 JavaThread "Thread-8" [_thread_blocked, id=13224, stack(0x00000044e7c00000,0x00000044e7d00000)]
  0x00000217b21bd800 JavaThread "Cache worker for journal cache (C:\Users\d503t\.gradle\caches\journal-1)" [_thread_blocked, id=5504, stack(0x00000044e7d00000,0x00000044e7e00000)]
  0x00000217b21bf000 JavaThread "File lock request listener" [_thread_in_native, id=6524, stack(0x00000044e7e00000,0x00000044e7f00000)]
  0x00000217b21c0000 JavaThread "Cache worker for file hash cache (C:\Users\d503t\.gradle\caches\6.5.1\fileHashes)" [_thread_blocked, id=12488, stack(0x00000044e7f00000,0x00000044e8000000)]
  0x00000217b21ba800 JavaThread "Cache worker for file hash cache (C:\Users\d503t\IdeaProjects\alone_the_refactor\.gradle\6.5.1\fileHashes)" [_thread_blocked, id=13076, stack(0x00000044e8000000,0x00000044e8100000)]
  0x00000217b21c1000 JavaThread "Cache worker for checksums cache (C:\Users\d503t\IdeaProjects\alone_the_refactor\.gradle\checksums)" [_thread_blocked, id=4284, stack(0x00000044e8100000,0x00000044e8200000)]
  0x00000217b21bb000 JavaThread "Cache worker for cache directory md-supplier (C:\Users\d503t\.gradle\caches\6.5.1\md-supplier)" [_thread_blocked, id=12468, stack(0x00000044e8200000,0x00000044e8300000)]
  0x00000217b21bc000 JavaThread "Cache worker for cache directory md-rule (C:\Users\d503t\.gradle\caches\6.5.1\md-rule)" [_thread_blocked, id=12440, stack(0x00000044e8300000,0x00000044e8400000)]
  0x00000217b4370800 JavaThread "Cache worker for execution history cache (C:\Users\d503t\.gradle\caches\6.5.1\executionHistory)" [_thread_blocked, id=11936, stack(0x00000044e8400000,0x00000044e8500000)]
  0x00000217b436f800 JavaThread "jar transforms" [_thread_blocked, id=5488, stack(0x00000044e8500000,0x00000044e8600000)]

Other Threads:
  0x00000217afbd9000 VMThread "VM Thread" [stack: 0x00000044e6300000,0x00000044e6400000] [id=10252]
  0x00000217b056c800 WatcherThread [stack: 0x00000044e6e00000,0x00000044e6f00000] [id=13060]
  0x00000217950b4800 GCTaskThread "GC Thread#0" [stack: 0x00000044e5e00000,0x00000044e5f00000] [id=13300]
  0x00000217b097e800 GCTaskThread "GC Thread#1" [stack: 0x00000044e6f00000,0x00000044e7000000] [id=3548]
  0x00000217950ba000 ConcurrentGCThread "G1 Main Marker" [stack: 0x00000044e5f00000,0x00000044e6000000] [id=2000]
  0x00000217950bb000 ConcurrentGCThread "G1 Conc#0" [stack: 0x00000044e6000000,0x00000044e6100000] [id=976]
  0x00000217afa88800 ConcurrentGCThread "G1 Refine#0" [stack: 0x00000044e6100000,0x00000044e6200000] [id=13116]
  0x00000217b05be000 ConcurrentGCThread "G1 Refine#1" [stack: 0x00000044e7000000,0x00000044e7100000] [id=12840]
  0x00000217afa8a000 ConcurrentGCThread "G1 Young RemSet Sampling" [stack: 0x00000044e6200000,0x00000044e6300000] [id=6812]

Threads with active compile tasks:
C2 CompilerThread0     3419 2549       4       java.util.AbstractCollection::addAll (42 bytes)

VM state:not at safepoint (normal execution)

VM Mutex/Monitor currently owned by a thread: None

Heap address: 0x00000000e0000000, size: 512 MB, Compressed Oops mode: 32-bit
Narrow klass base: 0x0000000800000000, Narrow klass shift: 3
Compressed class space size: 260046848 Address: 0x0000000800b30000

Heap:
 garbage-first heap   total 262144K, used 42240K [0x00000000e0000000, 0x0000000100000000)
  region size 1024K, 28 young (28672K), 3 survivors (3072K)
 Metaspace       used 26359K, capacity 27071K, committed 27184K, reserved 278528K
  class space    used 3698K, capacity 3963K, committed 3968K, reserved 253952K
Heap Regions: E=young(eden), S=young(survivor), O=old, HS=humongous(starts), HC=humongous(continues), CS=collection set, F=free, OA=open archive, CA=closed archive, TAMS=top-at-mark-start (previous, next)
|   0|0x00000000e0000000, 0x00000000e0100000, 0x00000000e0100000|100%| O|  |TAMS 0x00000000e0100000, 0x00000000e0000000| Untracked 
|   1|0x00000000e0100000, 0x00000000e0200000, 0x00000000e0200000|100%| O|  |TAMS 0x00000000e0200000, 0x00000000e0100000| Untracked 
|   2|0x00000000e0200000, 0x00000000e0300000, 0x00000000e0300000|100%| O|  |TAMS 0x00000000e0300000, 0x00000000e0200000| Untracked 
|   3|0x00000000e0300000, 0x00000000e0400000, 0x00000000e0400000|100%|HS|  |TAMS 0x00000000e0400000, 0x00000000e0300000| Complete 
|   4|0x00000000e0400000, 0x00000000e0500000, 0x00000000e0500000|100%|HC|  |TAMS 0x00000000e0500000, 0x00000000e0400000| Complete 
|   5|0x00000000e0500000, 0x00000000e0600000, 0x00000000e0600000|100%|HC|  |TAMS 0x00000000e0600000, 0x00000000e0500000| Complete 
|   6|0x00000000e0600000, 0x00000000e0700000, 0x00000000e0700000|100%| O|  |TAMS 0x00000000e0700000, 0x00000000e0600000| Untracked 
|   7|0x00000000e0700000, 0x00000000e0800000, 0x00000000e0800000|100%| O|  |TAMS 0x00000000e0800000, 0x00000000e0700000| Untracked 
|   8|0x00000000e0800000, 0x00000000e0900000, 0x00000000e0900000|100%| O|  |TAMS 0x00000000e0900000, 0x00000000e0800000| Untracked 
|   9|0x00000000e0900000, 0x00000000e0a00000, 0x00000000e0a00000|100%| O|  |TAMS 0x00000000e0a00000, 0x00000000e0900000| Untracked 
|  10|0x00000000e0a00000, 0x00000000e0b00000, 0x00000000e0b00000|100%| O|  |TAMS 0x00000000e0b00000, 0x00000000e0a00000| Untracked 
|  11|0x00000000e0b00000, 0x00000000e0c00000, 0x00000000e0c00000|100%| O|  |TAMS 0x00000000e0c00000, 0x00000000e0b00000| Untracked 
|  12|0x00000000e0c00000, 0x00000000e0cffff8, 0x00000000e0d00000| 99%| O|  |TAMS 0x00000000e0cffff8, 0x00000000e0c00000| Untracked 
|  13|0x00000000e0d00000, 0x00000000e0e00000, 0x00000000e0e00000|100%| O|  |TAMS 0x00000000e0e00000, 0x00000000e0d00000| Untracked 
|  14|0x00000000e0e00000, 0x00000000e0f00000, 0x00000000e0f00000|100%| O|  |TAMS 0x00000000e0f00000, 0x00000000e0e00000| Untracked 
|  15|0x00000000e0f00000, 0x00000000e0f79200, 0x00000000e1000000| 47%| O|  |TAMS 0x00000000e0f79200, 0x00000000e0f00000| Untracked 
|  16|0x00000000e1000000, 0x00000000e1000000, 0x00000000e1100000|  0%| F|  |TAMS 0x00000000e1000000, 0x00000000e1000000| Untracked 
|  17|0x00000000e1100000, 0x00000000e1100000, 0x00000000e1200000|  0%| F|  |TAMS 0x00000000e1100000, 0x00000000e1100000| Untracked 
|  18|0x00000000e1200000, 0x00000000e1200000, 0x00000000e1300000|  0%| F|  |TAMS 0x00000000e1200000, 0x00000000e1200000| Untracked 
|  19|0x00000000e1300000, 0x00000000e1300000, 0x00000000e1400000|  0%| F|  |TAMS 0x00000000e1300000, 0x00000000e1300000| Untracked 
|  20|0x00000000e1400000, 0x00000000e1400000, 0x00000000e1500000|  0%| F|  |TAMS 0x00000000e1400000, 0x00000000e1400000| Untracked 
|  21|0x00000000e1500000, 0x00000000e1500000, 0x00000000e1600000|  0%| F|  |TAMS 0x00000000e1500000, 0x00000000e1500000| Untracked 
|  22|0x00000000e1600000, 0x00000000e1600000, 0x00000000e1700000|  0%| F|  |TAMS 0x00000000e1600000, 0x00000000e1600000| Untracked 
|  23|0x00000000e1700000, 0x00000000e1700000, 0x00000000e1800000|  0%| F|  |TAMS 0x00000000e1700000, 0x00000000e1700000| Untracked 
|  24|0x00000000e1800000, 0x00000000e1800000, 0x00000000e1900000|  0%| F|  |TAMS 0x00000000e1800000, 0x00000000e1800000| Untracked 
|  25|0x00000000e1900000, 0x00000000e1900000, 0x00000000e1a00000|  0%| F|  |TAMS 0x00000000e1900000, 0x00000000e1900000| Untracked 
|  26|0x00000000e1a00000, 0x00000000e1a00000, 0x00000000e1b00000|  0%| F|  |TAMS 0x00000000e1a00000, 0x00000000e1a00000| Untracked 
|  27|0x00000000e1b00000, 0x00000000e1b00000, 0x00000000e1c00000|  0%| F|  |TAMS 0x00000000e1b00000, 0x00000000e1b00000| Untracked 
|  28|0x00000000e1c00000, 0x00000000e1c00000, 0x00000000e1d00000|  0%| F|  |TAMS 0x00000000e1c00000, 0x00000000e1c00000| Untracked 
|  29|0x00000000e1d00000, 0x00000000e1d00000, 0x00000000e1e00000|  0%| F|  |TAMS 0x00000000e1d00000, 0x00000000e1d00000| Untracked 
|  30|0x00000000e1e00000, 0x00000000e1e00000, 0x00000000e1f00000|  0%| F|  |TAMS 0x00000000e1e00000, 0x00000000e1e00000| Untracked 
|  31|0x00000000e1f00000, 0x00000000e1f00000, 0x00000000e2000000|  0%| F|  |TAMS 0x00000000e1f00000, 0x00000000e1f00000| Untracked 
|  32|0x00000000e2000000, 0x00000000e2000000, 0x00000000e2100000|  0%| F|  |TAMS 0x00000000e2000000, 0x00000000e2000000| Untracked 
|  33|0x00000000e2100000, 0x00000000e2100000, 0x00000000e2200000|  0%| F|  |TAMS 0x00000000e2100000, 0x00000000e2100000| Untracked 
|  34|0x00000000e2200000, 0x00000000e2200000, 0x00000000e2300000|  0%| F|  |TAMS 0x00000000e2200000, 0x00000000e2200000| Untracked 
|  35|0x00000000e2300000, 0x00000000e2300000, 0x00000000e2400000|  0%| F|  |TAMS 0x00000000e2300000, 0x00000000e2300000| Untracked 
|  36|0x00000000e2400000, 0x00000000e2400000, 0x00000000e2500000|  0%| F|  |TAMS 0x00000000e2400000, 0x00000000e2400000| Untracked 
|  37|0x00000000e2500000, 0x00000000e2500000, 0x00000000e2600000|  0%| F|  |TAMS 0x00000000e2500000, 0x00000000e2500000| Untracked 
|  38|0x00000000e2600000, 0x00000000e2600000, 0x00000000e2700000|  0%| F|  |TAMS 0x00000000e2600000, 0x00000000e2600000| Untracked 
|  39|0x00000000e2700000, 0x00000000e2700000, 0x00000000e2800000|  0%| F|  |TAMS 0x00000000e2700000, 0x00000000e2700000| Untracked 
|  40|0x00000000e2800000, 0x00000000e2800000, 0x00000000e2900000|  0%| F|  |TAMS 0x00000000e2800000, 0x00000000e2800000| Untracked 
|  41|0x00000000e2900000, 0x00000000e2900000, 0x00000000e2a00000|  0%| F|  |TAMS 0x00000000e2900000, 0x00000000e2900000| Untracked 
|  42|0x00000000e2a00000, 0x00000000e2a00000, 0x00000000e2b00000|  0%| F|  |TAMS 0x00000000e2a00000, 0x00000000e2a00000| Untracked 
|  43|0x00000000e2b00000, 0x00000000e2b00000, 0x00000000e2c00000|  0%| F|  |TAMS 0x00000000e2b00000, 0x00000000e2b00000| Untracked 
|  44|0x00000000e2c00000, 0x00000000e2c00000, 0x00000000e2d00000|  0%| F|  |TAMS 0x00000000e2c00000, 0x00000000e2c00000| Untracked 
|  45|0x00000000e2d00000, 0x00000000e2d00000, 0x00000000e2e00000|  0%| F|  |TAMS 0x00000000e2d00000, 0x00000000e2d00000| Untracked 
|  46|0x00000000e2e00000, 0x00000000e2e00000, 0x00000000e2f00000|  0%| F|  |TAMS 0x00000000e2e00000, 0x00000000e2e00000| Untracked 
|  47|0x00000000e2f00000, 0x00000000e2f00000, 0x00000000e3000000|  0%| F|  |TAMS 0x00000000e2f00000, 0x00000000e2f00000| Untracked 
|  48|0x00000000e3000000, 0x00000000e3000000, 0x00000000e3100000|  0%| F|  |TAMS 0x00000000e3000000, 0x00000000e3000000| Untracked 
|  49|0x00000000e3100000, 0x00000000e3100000, 0x00000000e3200000|  0%| F|  |TAMS 0x00000000e3100000, 0x00000000e3100000| Untracked 
|  50|0x00000000e3200000, 0x00000000e3200000, 0x00000000e3300000|  0%| F|  |TAMS 0x00000000e3200000, 0x00000000e3200000| Untracked 
|  51|0x00000000e3300000, 0x00000000e3300000, 0x00000000e3400000|  0%| F|  |TAMS 0x00000000e3300000, 0x00000000e3300000| Untracked 
|  52|0x00000000e3400000, 0x00000000e3400000, 0x00000000e3500000|  0%| F|  |TAMS 0x00000000e3400000, 0x00000000e3400000| Untracked 
|  53|0x00000000e3500000, 0x00000000e3500000, 0x00000000e3600000|  0%| F|  |TAMS 0x00000000e3500000, 0x00000000e3500000| Untracked 
|  54|0x00000000e3600000, 0x00000000e3600000, 0x00000000e3700000|  0%| F|  |TAMS 0x00000000e3600000, 0x00000000e3600000| Untracked 
|  55|0x00000000e3700000, 0x00000000e3700000, 0x00000000e3800000|  0%| F|  |TAMS 0x00000000e3700000, 0x00000000e3700000| Untracked 
|  56|0x00000000e3800000, 0x00000000e3800000, 0x00000000e3900000|  0%| F|  |TAMS 0x00000000e3800000, 0x00000000e3800000| Untracked 
|  57|0x00000000e3900000, 0x00000000e3900000, 0x00000000e3a00000|  0%| F|  |TAMS 0x00000000e3900000, 0x00000000e3900000| Untracked 
|  58|0x00000000e3a00000, 0x00000000e3a00000, 0x00000000e3b00000|  0%| F|  |TAMS 0x00000000e3a00000, 0x00000000e3a00000| Untracked 
|  59|0x00000000e3b00000, 0x00000000e3b00000, 0x00000000e3c00000|  0%| F|  |TAMS 0x00000000e3b00000, 0x00000000e3b00000| Untracked 
|  60|0x00000000e3c00000, 0x00000000e3c00000, 0x00000000e3d00000|  0%| F|  |TAMS 0x00000000e3c00000, 0x00000000e3c00000| Untracked 
|  61|0x00000000e3d00000, 0x00000000e3d00000, 0x00000000e3e00000|  0%| F|  |TAMS 0x00000000e3d00000, 0x00000000e3d00000| Untracked 
|  62|0x00000000e3e00000, 0x00000000e3e00000, 0x00000000e3f00000|  0%| F|  |TAMS 0x00000000e3e00000, 0x00000000e3e00000| Untracked 
|  63|0x00000000e3f00000, 0x00000000e3f00000, 0x00000000e4000000|  0%| F|  |TAMS 0x00000000e3f00000, 0x00000000e3f00000| Untracked 
|  64|0x00000000e4000000, 0x00000000e4000000, 0x00000000e4100000|  0%| F|  |TAMS 0x00000000e4000000, 0x00000000e4000000| Untracked 
|  65|0x00000000e4100000, 0x00000000e4100000, 0x00000000e4200000|  0%| F|  |TAMS 0x00000000e4100000, 0x00000000e4100000| Untracked 
|  66|0x00000000e4200000, 0x00000000e4200000, 0x00000000e4300000|  0%| F|  |TAMS 0x00000000e4200000, 0x00000000e4200000| Untracked 
|  67|0x00000000e4300000, 0x00000000e4300000, 0x00000000e4400000|  0%| F|  |TAMS 0x00000000e4300000, 0x00000000e4300000| Untracked 
|  68|0x00000000e4400000, 0x00000000e4400000, 0x00000000e4500000|  0%| F|  |TAMS 0x00000000e4400000, 0x00000000e4400000| Untracked 
|  69|0x00000000e4500000, 0x00000000e4500000, 0x00000000e4600000|  0%| F|  |TAMS 0x00000000e4500000, 0x00000000e4500000| Untracked 
|  70|0x00000000e4600000, 0x00000000e4600000, 0x00000000e4700000|  0%| F|  |TAMS 0x00000000e4600000, 0x00000000e4600000| Untracked 
|  71|0x00000000e4700000, 0x00000000e4700000, 0x00000000e4800000|  0%| F|  |TAMS 0x00000000e4700000, 0x00000000e4700000| Untracked 
|  72|0x00000000e4800000, 0x00000000e4800000, 0x00000000e4900000|  0%| F|  |TAMS 0x00000000e4800000, 0x00000000e4800000| Untracked 
|  73|0x00000000e4900000, 0x00000000e4900000, 0x00000000e4a00000|  0%| F|  |TAMS 0x00000000e4900000, 0x00000000e4900000| Untracked 
|  74|0x00000000e4a00000, 0x00000000e4a00000, 0x00000000e4b00000|  0%| F|  |TAMS 0x00000000e4a00000, 0x00000000e4a00000| Untracked 
|  75|0x00000000e4b00000, 0x00000000e4b00000, 0x00000000e4c00000|  0%| F|  |TAMS 0x00000000e4b00000, 0x00000000e4b00000| Untracked 
|  76|0x00000000e4c00000, 0x00000000e4c00000, 0x00000000e4d00000|  0%| F|  |TAMS 0x00000000e4c00000, 0x00000000e4c00000| Untracked 
|  77|0x00000000e4d00000, 0x00000000e4d00000, 0x00000000e4e00000|  0%| F|  |TAMS 0x00000000e4d00000, 0x00000000e4d00000| Untracked 
|  78|0x00000000e4e00000, 0x00000000e4e00000, 0x00000000e4f00000|  0%| F|  |TAMS 0x00000000e4e00000, 0x00000000e4e00000| Untracked 
|  79|0x00000000e4f00000, 0x00000000e4f00000, 0x00000000e5000000|  0%| F|  |TAMS 0x00000000e4f00000, 0x00000000e4f00000| Untracked 
|  80|0x00000000e5000000, 0x00000000e5000000, 0x00000000e5100000|  0%| F|  |TAMS 0x00000000e5000000, 0x00000000e5000000| Untracked 
|  81|0x00000000e5100000, 0x00000000e5100000, 0x00000000e5200000|  0%| F|  |TAMS 0x00000000e5100000, 0x00000000e5100000| Untracked 
|  82|0x00000000e5200000, 0x00000000e5200000, 0x00000000e5300000|  0%| F|  |TAMS 0x00000000e5200000, 0x00000000e5200000| Untracked 
|  83|0x00000000e5300000, 0x00000000e5300000, 0x00000000e5400000|  0%| F|  |TAMS 0x00000000e5300000, 0x00000000e5300000| Untracked 
|  84|0x00000000e5400000, 0x00000000e5400000, 0x00000000e5500000|  0%| F|  |TAMS 0x00000000e5400000, 0x00000000e5400000| Untracked 
|  85|0x00000000e5500000, 0x00000000e5500000, 0x00000000e5600000|  0%| F|  |TAMS 0x00000000e5500000, 0x00000000e5500000| Untracked 
|  86|0x00000000e5600000, 0x00000000e5600000, 0x00000000e5700000|  0%| F|  |TAMS 0x00000000e5600000, 0x00000000e5600000| Untracked 
|  87|0x00000000e5700000, 0x00000000e5700000, 0x00000000e5800000|  0%| F|  |TAMS 0x00000000e5700000, 0x00000000e5700000| Untracked 
|  88|0x00000000e5800000, 0x00000000e5800000, 0x00000000e5900000|  0%| F|  |TAMS 0x00000000e5800000, 0x00000000e5800000| Untracked 
|  89|0x00000000e5900000, 0x00000000e5900000, 0x00000000e5a00000|  0%| F|  |TAMS 0x00000000e5900000, 0x00000000e5900000| Untracked 
|  90|0x00000000e5a00000, 0x00000000e5a00000, 0x00000000e5b00000|  0%| F|  |TAMS 0x00000000e5a00000, 0x00000000e5a00000| Untracked 
|  91|0x00000000e5b00000, 0x00000000e5b00000, 0x00000000e5c00000|  0%| F|  |TAMS 0x00000000e5b00000, 0x00000000e5b00000| Untracked 
|  92|0x00000000e5c00000, 0x00000000e5c00000, 0x00000000e5d00000|  0%| F|  |TAMS 0x00000000e5c00000, 0x00000000e5c00000| Untracked 
|  93|0x00000000e5d00000, 0x00000000e5d00000, 0x00000000e5e00000|  0%| F|  |TAMS 0x00000000e5d00000, 0x00000000e5d00000| Untracked 
|  94|0x00000000e5e00000, 0x00000000e5e00000, 0x00000000e5f00000|  0%| F|  |TAMS 0x00000000e5e00000, 0x00000000e5e00000| Untracked 
|  95|0x00000000e5f00000, 0x00000000e5f00000, 0x00000000e6000000|  0%| F|  |TAMS 0x00000000e5f00000, 0x00000000e5f00000| Untracked 
|  96|0x00000000e6000000, 0x00000000e6000000, 0x00000000e6100000|  0%| F|  |TAMS 0x00000000e6000000, 0x00000000e6000000| Untracked 
|  97|0x00000000e6100000, 0x00000000e6100000, 0x00000000e6200000|  0%| F|  |TAMS 0x00000000e6100000, 0x00000000e6100000| Untracked 
|  98|0x00000000e6200000, 0x00000000e6200000, 0x00000000e6300000|  0%| F|  |TAMS 0x00000000e6200000, 0x00000000e6200000| Untracked 
|  99|0x00000000e6300000, 0x00000000e6300000, 0x00000000e6400000|  0%| F|  |TAMS 0x00000000e6300000, 0x00000000e6300000| Untracked 
| 100|0x00000000e6400000, 0x00000000e6400000, 0x00000000e6500000|  0%| F|  |TAMS 0x00000000e6400000, 0x00000000e6400000| Untracked 
| 101|0x00000000e6500000, 0x00000000e6500000, 0x00000000e6600000|  0%| F|  |TAMS 0x00000000e6500000, 0x00000000e6500000| Untracked 
| 102|0x00000000e6600000, 0x00000000e6600000, 0x00000000e6700000|  0%| F|  |TAMS 0x00000000e6600000, 0x00000000e6600000| Untracked 
| 103|0x00000000e6700000, 0x00000000e6700000, 0x00000000e6800000|  0%| F|  |TAMS 0x00000000e6700000, 0x00000000e6700000| Untracked 
| 104|0x00000000e6800000, 0x00000000e6800000, 0x00000000e6900000|  0%| F|  |TAMS 0x00000000e6800000, 0x00000000e6800000| Untracked 
| 105|0x00000000e6900000, 0x00000000e6900000, 0x00000000e6a00000|  0%| F|  |TAMS 0x00000000e6900000, 0x00000000e6900000| Untracked 
| 106|0x00000000e6a00000, 0x00000000e6a00000, 0x00000000e6b00000|  0%| F|  |TAMS 0x00000000e6a00000, 0x00000000e6a00000| Untracked 
| 107|0x00000000e6b00000, 0x00000000e6b00000, 0x00000000e6c00000|  0%| F|  |TAMS 0x00000000e6b00000, 0x00000000e6b00000| Untracked 
| 108|0x00000000e6c00000, 0x00000000e6c00000, 0x00000000e6d00000|  0%| F|  |TAMS 0x00000000e6c00000, 0x00000000e6c00000| Untracked 
| 109|0x00000000e6d00000, 0x00000000e6d00000, 0x00000000e6e00000|  0%| F|  |TAMS 0x00000000e6d00000, 0x00000000e6d00000| Untracked 
| 110|0x00000000e6e00000, 0x00000000e6e00000, 0x00000000e6f00000|  0%| F|  |TAMS 0x00000000e6e00000, 0x00000000e6e00000| Untracked 
| 111|0x00000000e6f00000, 0x00000000e6f00000, 0x00000000e7000000|  0%| F|  |TAMS 0x00000000e6f00000, 0x00000000e6f00000| Untracked 
| 112|0x00000000e7000000, 0x00000000e7000000, 0x00000000e7100000|  0%| F|  |TAMS 0x00000000e7000000, 0x00000000e7000000| Untracked 
| 113|0x00000000e7100000, 0x00000000e7100000, 0x00000000e7200000|  0%| F|  |TAMS 0x00000000e7100000, 0x00000000e7100000| Untracked 
| 114|0x00000000e7200000, 0x00000000e7200000, 0x00000000e7300000|  0%| F|  |TAMS 0x00000000e7200000, 0x00000000e7200000| Untracked 
| 115|0x00000000e7300000, 0x00000000e7300000, 0x00000000e7400000|  0%| F|  |TAMS 0x00000000e7300000, 0x00000000e7300000| Untracked 
| 116|0x00000000e7400000, 0x00000000e7400000, 0x00000000e7500000|  0%| F|  |TAMS 0x00000000e7400000, 0x00000000e7400000| Untracked 
| 117|0x00000000e7500000, 0x00000000e7500000, 0x00000000e7600000|  0%| F|  |TAMS 0x00000000e7500000, 0x00000000e7500000| Untracked 
| 118|0x00000000e7600000, 0x00000000e7600000, 0x00000000e7700000|  0%| F|  |TAMS 0x00000000e7600000, 0x00000000e7600000| Untracked 
| 119|0x00000000e7700000, 0x00000000e7700000, 0x00000000e7800000|  0%| F|  |TAMS 0x00000000e7700000, 0x00000000e7700000| Untracked 
| 120|0x00000000e7800000, 0x00000000e7800000, 0x00000000e7900000|  0%| F|  |TAMS 0x00000000e7800000, 0x00000000e7800000| Untracked 
| 121|0x00000000e7900000, 0x00000000e7900000, 0x00000000e7a00000|  0%| F|  |TAMS 0x00000000e7900000, 0x00000000e7900000| Untracked 
| 122|0x00000000e7a00000, 0x00000000e7a00000, 0x00000000e7b00000|  0%| F|  |TAMS 0x00000000e7a00000, 0x00000000e7a00000| Untracked 
| 123|0x00000000e7b00000, 0x00000000e7b00000, 0x00000000e7c00000|  0%| F|  |TAMS 0x00000000e7b00000, 0x00000000e7b00000| Untracked 
| 124|0x00000000e7c00000, 0x00000000e7c00000, 0x00000000e7d00000|  0%| F|  |TAMS 0x00000000e7c00000, 0x00000000e7c00000| Untracked 
| 125|0x00000000e7d00000, 0x00000000e7d00000, 0x00000000e7e00000|  0%| F|  |TAMS 0x00000000e7d00000, 0x00000000e7d00000| Untracked 
| 126|0x00000000e7e00000, 0x00000000e7e00000, 0x00000000e7f00000|  0%| F|  |TAMS 0x00000000e7e00000, 0x00000000e7e00000| Untracked 
| 127|0x00000000e7f00000, 0x00000000e7f00000, 0x00000000e8000000|  0%| F|  |TAMS 0x00000000e7f00000, 0x00000000e7f00000| Untracked 
| 128|0x00000000e8000000, 0x00000000e8000000, 0x00000000e8100000|  0%| F|  |TAMS 0x00000000e8000000, 0x00000000e8000000| Untracked 
| 129|0x00000000e8100000, 0x00000000e8100000, 0x00000000e8200000|  0%| F|  |TAMS 0x00000000e8100000, 0x00000000e8100000| Untracked 
| 130|0x00000000e8200000, 0x00000000e8200000, 0x00000000e8300000|  0%| F|  |TAMS 0x00000000e8200000, 0x00000000e8200000| Untracked 
| 131|0x00000000e8300000, 0x00000000e8300000, 0x00000000e8400000|  0%| F|  |TAMS 0x00000000e8300000, 0x00000000e8300000| Untracked 
| 132|0x00000000e8400000, 0x00000000e8400000, 0x00000000e8500000|  0%| F|  |TAMS 0x00000000e8400000, 0x00000000e8400000| Untracked 
| 133|0x00000000e8500000, 0x00000000e8500000, 0x00000000e8600000|  0%| F|  |TAMS 0x00000000e8500000, 0x00000000e8500000| Untracked 
| 134|0x00000000e8600000, 0x00000000e8600000, 0x00000000e8700000|  0%| F|  |TAMS 0x00000000e8600000, 0x00000000e8600000| Untracked 
| 135|0x00000000e8700000, 0x00000000e8700000, 0x00000000e8800000|  0%| F|  |TAMS 0x00000000e8700000, 0x00000000e8700000| Untracked 
| 136|0x00000000e8800000, 0x00000000e8800000, 0x00000000e8900000|  0%| F|  |TAMS 0x00000000e8800000, 0x00000000e8800000| Untracked 
| 137|0x00000000e8900000, 0x00000000e8900000, 0x00000000e8a00000|  0%| F|  |TAMS 0x00000000e8900000, 0x00000000e8900000| Untracked 
| 138|0x00000000e8a00000, 0x00000000e8a00000, 0x00000000e8b00000|  0%| F|  |TAMS 0x00000000e8a00000, 0x00000000e8a00000| Untracked 
| 139|0x00000000e8b00000, 0x00000000e8b00000, 0x00000000e8c00000|  0%| F|  |TAMS 0x00000000e8b00000, 0x00000000e8b00000| Untracked 
| 140|0x00000000e8c00000, 0x00000000e8c00000, 0x00000000e8d00000|  0%| F|  |TAMS 0x00000000e8c00000, 0x00000000e8c00000| Untracked 
| 141|0x00000000e8d00000, 0x00000000e8d00000, 0x00000000e8e00000|  0%| F|  |TAMS 0x00000000e8d00000, 0x00000000e8d00000| Untracked 
| 142|0x00000000e8e00000, 0x00000000e8e00000, 0x00000000e8f00000|  0%| F|  |TAMS 0x00000000e8e00000, 0x00000000e8e00000| Untracked 
| 143|0x00000000e8f00000, 0x00000000e8f00000, 0x00000000e9000000|  0%| F|  |TAMS 0x00000000e8f00000, 0x00000000e8f00000| Untracked 
| 144|0x00000000e9000000, 0x00000000e9000000, 0x00000000e9100000|  0%| F|  |TAMS 0x00000000e9000000, 0x00000000e9000000| Untracked 
| 145|0x00000000e9100000, 0x00000000e9100000, 0x00000000e9200000|  0%| F|  |TAMS 0x00000000e9100000, 0x00000000e9100000| Untracked 
| 146|0x00000000e9200000, 0x00000000e9200000, 0x00000000e9300000|  0%| F|  |TAMS 0x00000000e9200000, 0x00000000e9200000| Untracked 
| 147|0x00000000e9300000, 0x00000000e9300000, 0x00000000e9400000|  0%| F|  |TAMS 0x00000000e9300000, 0x00000000e9300000| Untracked 
| 148|0x00000000e9400000, 0x00000000e9400000, 0x00000000e9500000|  0%| F|  |TAMS 0x00000000e9400000, 0x00000000e9400000| Untracked 
| 149|0x00000000e9500000, 0x00000000e9500000, 0x00000000e9600000|  0%| F|  |TAMS 0x00000000e9500000, 0x00000000e9500000| Untracked 
| 150|0x00000000e9600000, 0x00000000e9600000, 0x00000000e9700000|  0%| F|  |TAMS 0x00000000e9600000, 0x00000000e9600000| Untracked 
| 151|0x00000000e9700000, 0x00000000e9700000, 0x00000000e9800000|  0%| F|  |TAMS 0x00000000e9700000, 0x00000000e9700000| Untracked 
| 152|0x00000000e9800000, 0x00000000e9800000, 0x00000000e9900000|  0%| F|  |TAMS 0x00000000e9800000, 0x00000000e9800000| Untracked 
| 153|0x00000000e9900000, 0x00000000e9900000, 0x00000000e9a00000|  0%| F|  |TAMS 0x00000000e9900000, 0x00000000e9900000| Untracked 
| 154|0x00000000e9a00000, 0x00000000e9a00000, 0x00000000e9b00000|  0%| F|  |TAMS 0x00000000e9a00000, 0x00000000e9a00000| Untracked 
| 155|0x00000000e9b00000, 0x00000000e9b00000, 0x00000000e9c00000|  0%| F|  |TAMS 0x00000000e9b00000, 0x00000000e9b00000| Untracked 
| 156|0x00000000e9c00000, 0x00000000e9c00000, 0x00000000e9d00000|  0%| F|  |TAMS 0x00000000e9c00000, 0x00000000e9c00000| Untracked 
| 157|0x00000000e9d00000, 0x00000000e9d00000, 0x00000000e9e00000|  0%| F|  |TAMS 0x00000000e9d00000, 0x00000000e9d00000| Untracked 
| 158|0x00000000e9e00000, 0x00000000e9e00000, 0x00000000e9f00000|  0%| F|  |TAMS 0x00000000e9e00000, 0x00000000e9e00000| Untracked 
| 159|0x00000000e9f00000, 0x00000000e9f00000, 0x00000000ea000000|  0%| F|  |TAMS 0x00000000e9f00000, 0x00000000e9f00000| Untracked 
| 160|0x00000000ea000000, 0x00000000ea000000, 0x00000000ea100000|  0%| F|  |TAMS 0x00000000ea000000, 0x00000000ea000000| Untracked 
| 161|0x00000000ea100000, 0x00000000ea100000, 0x00000000ea200000|  0%| F|  |TAMS 0x00000000ea100000, 0x00000000ea100000| Untracked 
| 162|0x00000000ea200000, 0x00000000ea200000, 0x00000000ea300000|  0%| F|  |TAMS 0x00000000ea200000, 0x00000000ea200000| Untracked 
| 163|0x00000000ea300000, 0x00000000ea300000, 0x00000000ea400000|  0%| F|  |TAMS 0x00000000ea300000, 0x00000000ea300000| Untracked 
| 164|0x00000000ea400000, 0x00000000ea400000, 0x00000000ea500000|  0%| F|  |TAMS 0x00000000ea400000, 0x00000000ea400000| Untracked 
| 165|0x00000000ea500000, 0x00000000ea500000, 0x00000000ea600000|  0%| F|  |TAMS 0x00000000ea500000, 0x00000000ea500000| Untracked 
| 166|0x00000000ea600000, 0x00000000ea600000, 0x00000000ea700000|  0%| F|  |TAMS 0x00000000ea600000, 0x00000000ea600000| Untracked 
| 167|0x00000000ea700000, 0x00000000ea700000, 0x00000000ea800000|  0%| F|  |TAMS 0x00000000ea700000, 0x00000000ea700000| Untracked 
| 168|0x00000000ea800000, 0x00000000ea800000, 0x00000000ea900000|  0%| F|  |TAMS 0x00000000ea800000, 0x00000000ea800000| Untracked 
| 169|0x00000000ea900000, 0x00000000ea900000, 0x00000000eaa00000|  0%| F|  |TAMS 0x00000000ea900000, 0x00000000ea900000| Untracked 
| 170|0x00000000eaa00000, 0x00000000eaa00000, 0x00000000eab00000|  0%| F|  |TAMS 0x00000000eaa00000, 0x00000000eaa00000| Untracked 
| 171|0x00000000eab00000, 0x00000000eab00000, 0x00000000eac00000|  0%| F|  |TAMS 0x00000000eab00000, 0x00000000eab00000| Untracked 
| 172|0x00000000eac00000, 0x00000000eac00000, 0x00000000ead00000|  0%| F|  |TAMS 0x00000000eac00000, 0x00000000eac00000| Untracked 
| 173|0x00000000ead00000, 0x00000000ead00000, 0x00000000eae00000|  0%| F|  |TAMS 0x00000000ead00000, 0x00000000ead00000| Untracked 
| 174|0x00000000eae00000, 0x00000000eae00000, 0x00000000eaf00000|  0%| F|  |TAMS 0x00000000eae00000, 0x00000000eae00000| Untracked 
| 175|0x00000000eaf00000, 0x00000000eaf00000, 0x00000000eb000000|  0%| F|  |TAMS 0x00000000eaf00000, 0x00000000eaf00000| Untracked 
| 176|0x00000000eb000000, 0x00000000eb000000, 0x00000000eb100000|  0%| F|  |TAMS 0x00000000eb000000, 0x00000000eb000000| Untracked 
| 177|0x00000000eb100000, 0x00000000eb100000, 0x00000000eb200000|  0%| F|  |TAMS 0x00000000eb100000, 0x00000000eb100000| Untracked 
| 178|0x00000000eb200000, 0x00000000eb200000, 0x00000000eb300000|  0%| F|  |TAMS 0x00000000eb200000, 0x00000000eb200000| Untracked 
| 179|0x00000000eb300000, 0x00000000eb300000, 0x00000000eb400000|  0%| F|  |TAMS 0x00000000eb300000, 0x00000000eb300000| Untracked 
| 180|0x00000000eb400000, 0x00000000eb400000, 0x00000000eb500000|  0%| F|  |TAMS 0x00000000eb400000, 0x00000000eb400000| Untracked 
| 181|0x00000000eb500000, 0x00000000eb500000, 0x00000000eb600000|  0%| F|  |TAMS 0x00000000eb500000, 0x00000000eb500000| Untracked 
| 182|0x00000000eb600000, 0x00000000eb600000, 0x00000000eb700000|  0%| F|  |TAMS 0x00000000eb600000, 0x00000000eb600000| Untracked 
| 183|0x00000000eb700000, 0x00000000eb700000, 0x00000000eb800000|  0%| F|  |TAMS 0x00000000eb700000, 0x00000000eb700000| Untracked 
| 184|0x00000000eb800000, 0x00000000eb800000, 0x00000000eb900000|  0%| F|  |TAMS 0x00000000eb800000, 0x00000000eb800000| Untracked 
| 185|0x00000000eb900000, 0x00000000eb900000, 0x00000000eba00000|  0%| F|  |TAMS 0x00000000eb900000, 0x00000000eb900000| Untracked 
| 186|0x00000000eba00000, 0x00000000eba00000, 0x00000000ebb00000|  0%| F|  |TAMS 0x00000000eba00000, 0x00000000eba00000| Untracked 
| 187|0x00000000ebb00000, 0x00000000ebb00000, 0x00000000ebc00000|  0%| F|  |TAMS 0x00000000ebb00000, 0x00000000ebb00000| Untracked 
| 188|0x00000000ebc00000, 0x00000000ebc00000, 0x00000000ebd00000|  0%| F|  |TAMS 0x00000000ebc00000, 0x00000000ebc00000| Untracked 
| 189|0x00000000ebd00000, 0x00000000ebd00000, 0x00000000ebe00000|  0%| F|  |TAMS 0x00000000ebd00000, 0x00000000ebd00000| Untracked 
| 190|0x00000000ebe00000, 0x00000000ebe00000, 0x00000000ebf00000|  0%| F|  |TAMS 0x00000000ebe00000, 0x00000000ebe00000| Untracked 
| 191|0x00000000ebf00000, 0x00000000ebf00000, 0x00000000ec000000|  0%| F|  |TAMS 0x00000000ebf00000, 0x00000000ebf00000| Untracked 
| 192|0x00000000ec000000, 0x00000000ec000000, 0x00000000ec100000|  0%| F|  |TAMS 0x00000000ec000000, 0x00000000ec000000| Untracked 
| 193|0x00000000ec100000, 0x00000000ec100000, 0x00000000ec200000|  0%| F|  |TAMS 0x00000000ec100000, 0x00000000ec100000| Untracked 
| 194|0x00000000ec200000, 0x00000000ec200000, 0x00000000ec300000|  0%| F|  |TAMS 0x00000000ec200000, 0x00000000ec200000| Untracked 
| 195|0x00000000ec300000, 0x00000000ec300000, 0x00000000ec400000|  0%| F|  |TAMS 0x00000000ec300000, 0x00000000ec300000| Untracked 
| 196|0x00000000ec400000, 0x00000000ec400000, 0x00000000ec500000|  0%| F|  |TAMS 0x00000000ec400000, 0x00000000ec400000| Untracked 
| 197|0x00000000ec500000, 0x00000000ec500000, 0x00000000ec600000|  0%| F|  |TAMS 0x00000000ec500000, 0x00000000ec500000| Untracked 
| 198|0x00000000ec600000, 0x00000000ec600000, 0x00000000ec700000|  0%| F|  |TAMS 0x00000000ec600000, 0x00000000ec600000| Untracked 
| 199|0x00000000ec700000, 0x00000000ec700000, 0x00000000ec800000|  0%| F|  |TAMS 0x00000000ec700000, 0x00000000ec700000| Untracked 
| 200|0x00000000ec800000, 0x00000000ec800000, 0x00000000ec900000|  0%| F|  |TAMS 0x00000000ec800000, 0x00000000ec800000| Untracked 
| 201|0x00000000ec900000, 0x00000000ec900000, 0x00000000eca00000|  0%| F|  |TAMS 0x00000000ec900000, 0x00000000ec900000| Untracked 
| 202|0x00000000eca00000, 0x00000000eca00000, 0x00000000ecb00000|  0%| F|  |TAMS 0x00000000eca00000, 0x00000000eca00000| Untracked 
| 203|0x00000000ecb00000, 0x00000000ecb00000, 0x00000000ecc00000|  0%| F|  |TAMS 0x00000000ecb00000, 0x00000000ecb00000| Untracked 
| 204|0x00000000ecc00000, 0x00000000ecc00000, 0x00000000ecd00000|  0%| F|  |TAMS 0x00000000ecc00000, 0x00000000ecc00000| Untracked 
| 205|0x00000000ecd00000, 0x00000000ecd00000, 0x00000000ece00000|  0%| F|  |TAMS 0x00000000ecd00000, 0x00000000ecd00000| Untracked 
| 206|0x00000000ece00000, 0x00000000ece00000, 0x00000000ecf00000|  0%| F|  |TAMS 0x00000000ece00000, 0x00000000ece00000| Untracked 
| 207|0x00000000ecf00000, 0x00000000ecf00000, 0x00000000ed000000|  0%| F|  |TAMS 0x00000000ecf00000, 0x00000000ecf00000| Untracked 
| 208|0x00000000ed000000, 0x00000000ed000000, 0x00000000ed100000|  0%| F|  |TAMS 0x00000000ed000000, 0x00000000ed000000| Untracked 
| 209|0x00000000ed100000, 0x00000000ed100000, 0x00000000ed200000|  0%| F|  |TAMS 0x00000000ed100000, 0x00000000ed100000| Untracked 
| 210|0x00000000ed200000, 0x00000000ed200000, 0x00000000ed300000|  0%| F|  |TAMS 0x00000000ed200000, 0x00000000ed200000| Untracked 
| 211|0x00000000ed300000, 0x00000000ed300000, 0x00000000ed400000|  0%| F|  |TAMS 0x00000000ed300000, 0x00000000ed300000| Untracked 
| 212|0x00000000ed400000, 0x00000000ed400000, 0x00000000ed500000|  0%| F|  |TAMS 0x00000000ed400000, 0x00000000ed400000| Untracked 
| 213|0x00000000ed500000, 0x00000000ed500000, 0x00000000ed600000|  0%| F|  |TAMS 0x00000000ed500000, 0x00000000ed500000| Untracked 
| 214|0x00000000ed600000, 0x00000000ed600000, 0x00000000ed700000|  0%| F|  |TAMS 0x00000000ed600000, 0x00000000ed600000| Untracked 
| 215|0x00000000ed700000, 0x00000000ed700000, 0x00000000ed800000|  0%| F|  |TAMS 0x00000000ed700000, 0x00000000ed700000| Untracked 
| 216|0x00000000ed800000, 0x00000000ed800000, 0x00000000ed900000|  0%| F|  |TAMS 0x00000000ed800000, 0x00000000ed800000| Untracked 
| 217|0x00000000ed900000, 0x00000000ed900000, 0x00000000eda00000|  0%| F|  |TAMS 0x00000000ed900000, 0x00000000ed900000| Untracked 
| 218|0x00000000eda00000, 0x00000000eda00000, 0x00000000edb00000|  0%| F|  |TAMS 0x00000000eda00000, 0x00000000eda00000| Untracked 
| 219|0x00000000edb00000, 0x00000000edb00000, 0x00000000edc00000|  0%| F|  |TAMS 0x00000000edb00000, 0x00000000edb00000| Untracked 
| 220|0x00000000edc00000, 0x00000000edc00000, 0x00000000edd00000|  0%| F|  |TAMS 0x00000000edc00000, 0x00000000edc00000| Untracked 
| 221|0x00000000edd00000, 0x00000000edd00000, 0x00000000ede00000|  0%| F|  |TAMS 0x00000000edd00000, 0x00000000edd00000| Untracked 
| 222|0x00000000ede00000, 0x00000000ede00000, 0x00000000edf00000|  0%| F|  |TAMS 0x00000000ede00000, 0x00000000ede00000| Untracked 
| 223|0x00000000edf00000, 0x00000000edf00000, 0x00000000ee000000|  0%| F|  |TAMS 0x00000000edf00000, 0x00000000edf00000| Untracked 
| 224|0x00000000ee000000, 0x00000000ee000000, 0x00000000ee100000|  0%| F|  |TAMS 0x00000000ee000000, 0x00000000ee000000| Untracked 
| 225|0x00000000ee100000, 0x00000000ee100000, 0x00000000ee200000|  0%| F|  |TAMS 0x00000000ee100000, 0x00000000ee100000| Untracked 
| 226|0x00000000ee200000, 0x00000000ee200000, 0x00000000ee300000|  0%| F|  |TAMS 0x00000000ee200000, 0x00000000ee200000| Untracked 
| 227|0x00000000ee300000, 0x00000000ee385670, 0x00000000ee400000| 52%| E|  |TAMS 0x00000000ee300000, 0x00000000ee300000| Complete 
| 228|0x00000000ee400000, 0x00000000ee500000, 0x00000000ee500000|100%| E|CS|TAMS 0x00000000ee400000, 0x00000000ee400000| Complete 
| 229|0x00000000ee500000, 0x00000000ee600000, 0x00000000ee600000|100%| E|CS|TAMS 0x00000000ee500000, 0x00000000ee500000| Complete 
| 230|0x00000000ee600000, 0x00000000ee700000, 0x00000000ee700000|100%| E|CS|TAMS 0x00000000ee600000, 0x00000000ee600000| Complete 
| 231|0x00000000ee700000, 0x00000000ee800000, 0x00000000ee800000|100%| E|CS|TAMS 0x00000000ee700000, 0x00000000ee700000| Complete 
| 232|0x00000000ee800000, 0x00000000ee900000, 0x00000000ee900000|100%| E|CS|TAMS 0x00000000ee800000, 0x00000000ee800000| Complete 
| 233|0x00000000ee900000, 0x00000000eea00000, 0x00000000eea00000|100%| E|CS|TAMS 0x00000000ee900000, 0x00000000ee900000| Complete 
| 234|0x00000000eea00000, 0x00000000eeb00000, 0x00000000eeb00000|100%| E|CS|TAMS 0x00000000eea00000, 0x00000000eea00000| Complete 
| 235|0x00000000eeb00000, 0x00000000eec00000, 0x00000000eec00000|100%| E|  |TAMS 0x00000000eeb00000, 0x00000000eeb00000| Complete 
| 236|0x00000000eec00000, 0x00000000eed00000, 0x00000000eed00000|100%| E|CS|TAMS 0x00000000eec00000, 0x00000000eec00000| Complete 
| 237|0x00000000eed00000, 0x00000000eee00000, 0x00000000eee00000|100%| E|CS|TAMS 0x00000000eed00000, 0x00000000eed00000| Complete 
| 238|0x00000000eee00000, 0x00000000eeec7020, 0x00000000eef00000| 77%| S|CS|TAMS 0x00000000eee00000, 0x00000000eee00000| Complete 
| 239|0x00000000eef00000, 0x00000000ef000000, 0x00000000ef000000|100%| S|CS|TAMS 0x00000000eef00000, 0x00000000eef00000| Complete 
| 240|0x00000000ef000000, 0x00000000ef100000, 0x00000000ef100000|100%| S|CS|TAMS 0x00000000ef000000, 0x00000000ef000000| Complete 
| 241|0x00000000ef100000, 0x00000000ef200000, 0x00000000ef200000|100%| E|CS|TAMS 0x00000000ef100000, 0x00000000ef100000| Complete 
| 242|0x00000000ef200000, 0x00000000ef300000, 0x00000000ef300000|100%| E|CS|TAMS 0x00000000ef200000, 0x00000000ef200000| Complete 
| 243|0x00000000ef300000, 0x00000000ef400000, 0x00000000ef400000|100%| E|CS|TAMS 0x00000000ef300000, 0x00000000ef300000| Complete 
| 244|0x00000000ef400000, 0x00000000ef500000, 0x00000000ef500000|100%| E|CS|TAMS 0x00000000ef400000, 0x00000000ef400000| Complete 
| 245|0x00000000ef500000, 0x00000000ef600000, 0x00000000ef600000|100%| E|CS|TAMS 0x00000000ef500000, 0x00000000ef500000| Complete 
| 246|0x00000000ef600000, 0x00000000ef700000, 0x00000000ef700000|100%| E|CS|TAMS 0x00000000ef600000, 0x00000000ef600000| Complete 
| 247|0x00000000ef700000, 0x00000000ef800000, 0x00000000ef800000|100%| E|CS|TAMS 0x00000000ef700000, 0x00000000ef700000| Complete 
| 248|0x00000000ef800000, 0x00000000ef900000, 0x00000000ef900000|100%| E|CS|TAMS 0x00000000ef800000, 0x00000000ef800000| Complete 
| 249|0x00000000ef900000, 0x00000000efa00000, 0x00000000efa00000|100%| E|CS|TAMS 0x00000000ef900000, 0x00000000ef900000| Complete 
| 250|0x00000000efa00000, 0x00000000efb00000, 0x00000000efb00000|100%| E|CS|TAMS 0x00000000efa00000, 0x00000000efa00000| Complete 
| 251|0x00000000efb00000, 0x00000000efc00000, 0x00000000efc00000|100%| E|CS|TAMS 0x00000000efb00000, 0x00000000efb00000| Complete 
| 252|0x00000000efc00000, 0x00000000efd00000, 0x00000000efd00000|100%| E|CS|TAMS 0x00000000efc00000, 0x00000000efc00000| Complete 
| 253|0x00000000efd00000, 0x00000000efe00000, 0x00000000efe00000|100%| E|CS|TAMS 0x00000000efd00000, 0x00000000efd00000| Complete 
| 254|0x00000000efe00000, 0x00000000eff00000, 0x00000000eff00000|100%| E|CS|TAMS 0x00000000efe00000, 0x00000000efe00000| Complete 
| 255|0x00000000eff00000, 0x00000000f0000000, 0x00000000f0000000|100%| E|CS|TAMS 0x00000000eff00000, 0x00000000eff00000| Complete 

Card table byte_map: [0x0000021794d60000,0x0000021794e60000] _byte_map_base: 0x0000021794660000

Marking Bits (Prev, Next): (CMBitMap*) 0x00000217950b5288, (CMBitMap*) 0x00000217950b5248
 Prev Bits: [0x00000217ad030000, 0x00000217ad830000)
 Next Bits: [0x00000217ac830000, 0x00000217ad030000)

Polling page: 0x0000021792ef0000

Metaspace:

Usage:
  Non-class:     22.63 MB capacity,    22.20 MB ( 98%) used,   388.77 KB (  2%) free+waste,    54.19 KB ( <1%) overhead. 
      Class:      3.87 MB capacity,     3.62 MB ( 93%) used,   230.04 KB (  6%) free+waste,    28.44 KB ( <1%) overhead. 
       Both:     26.50 MB capacity,    25.81 MB ( 97%) used,   618.80 KB (  2%) free+waste,    82.63 KB ( <1%) overhead. 

Virtual space:
  Non-class space:       24.00 MB reserved,      22.67 MB ( 94%) committed 
      Class space:      248.00 MB reserved,       3.88 MB (  2%) committed 
             Both:      272.00 MB reserved,      26.55 MB ( 10%) committed 

Chunk freelists:
   Non-Class:  44.00 KB
       Class:  5.00 KB
        Both:  49.00 KB

MaxMetaspaceSize: 256.00 MB
CompressedClassSpaceSize: 248.00 MB

CodeHeap 'non-profiled nmethods': size=120064Kb used=1452Kb max_used=1452Kb free=118611Kb
 bounds [0x00000217a52f0000, 0x00000217a5560000, 0x00000217ac830000]
CodeHeap 'profiled nmethods': size=120000Kb used=5781Kb max_used=5781Kb free=114218Kb
 bounds [0x000002179ddc0000, 0x000002179e370000, 0x00000217a52f0000]
CodeHeap 'non-nmethods': size=5696Kb used=1257Kb max_used=1291Kb free=4438Kb
 bounds [0x000002179d830000, 0x000002179daa0000, 0x000002179ddc0000]
 total_blobs=3136 nmethods=2597 adapters=451
 compilation: enabled
              stopped_count=0, restarted_count=0
 full_count=0

Compilation events (20 events):
Event: 3.393 Thread 0x00000217afc2d000 2563       3       java.lang.NoSuchMethodException::<init> (6 bytes)
Event: 3.393 Thread 0x00000217afc2d000 nmethod 2563 0x000002179e34fa10 code [0x000002179e34fbc0, 0x000002179e34fdc8]
Event: 3.393 Thread 0x00000217afc2d000 2564       3       org.codehaus.groovy.runtime.metaclass.MetaMethodIndex::getOrPutMethods (184 bytes)
Event: 3.394 Thread 0x00000217afc2d000 nmethod 2564 0x000002179e34fe90 code [0x000002179e3500e0, 0x000002179e350c58]
Event: 3.394 Thread 0x00000217afc2d000 2565       1       org.codehaus.groovy.reflection.GeneratedMetaMethod::getModifiers (2 bytes)
Event: 3.394 Thread 0x00000217afc2d000 nmethod 2565 0x00000217a5459090 code [0x00000217a5459220, 0x00000217a54592f8]
Event: 3.395 Thread 0x00000217afc2d000 2566       3       java.util.ComparableTimSort::binarySort (223 bytes)
Event: 3.395 Thread 0x00000217afc2d000 nmethod 2566 0x000002179e351010 code [0x000002179e351240, 0x000002179e351e98]
Event: 3.395 Thread 0x00000217afc2d000 2567       1       java.util.stream.Collectors$CollectorImpl::finisher (5 bytes)
Event: 3.395 Thread 0x00000217afc2d000 nmethod 2567 0x00000217a5459390 code [0x00000217a5459520, 0x00000217a54595f8]
Event: 3.395 Thread 0x00000217afc2d000 2568       1       org.codehaus.groovy.reflection.CachedMethod::getDeclaringClass (5 bytes)
Event: 3.396 Thread 0x00000217afc2d000 nmethod 2568 0x00000217a5459690 code [0x00000217a5459820, 0x00000217a54598f8]
Event: 3.396 Thread 0x00000217afc2d000 2569       3       java.lang.Class::privateGetPublicMethods (224 bytes)
Event: 3.396 Thread 0x00000217afc2d000 nmethod 2569 0x000002179e352190 code [0x000002179e352440, 0x000002179e353178]
Event: 3.397 Thread 0x00000217afc2d000 2570       1       org.codehaus.groovy.util.FastArray::size (5 bytes)
Event: 3.397 Thread 0x00000217afc2d000 nmethod 2570 0x00000217a5459990 code [0x00000217a5459b20, 0x00000217a5459bf8]
Event: 3.397 Thread 0x00000217afc2d000 2571       1       org.codehaus.groovy.util.FastArray::getArray (5 bytes)
Event: 3.397 Thread 0x00000217afc2d000 nmethod 2571 0x00000217a5459c90 code [0x00000217a5459e20, 0x00000217a5459ef8]
Event: 3.397 Thread 0x00000217afc2d000 2572       3       org.codehaus.groovy.runtime.metaclass.MetaMethodIndex::isMatchingMethod (65 bytes)
Event: 3.397 Thread 0x00000217afc2d000 nmethod 2572 0x000002179e353810 code [0x000002179e353a00, 0x000002179e353f98]

GC Heap History (12 events):
Event: 0.430 GC heap before
{Heap before GC invocations=0 (full 0):
 garbage-first heap   total 262144K, used 17408K [0x00000000e0000000, 0x0000000100000000)
  region size 1024K, 12 young (12288K), 0 survivors (0K)
 Metaspace       used 1379K, capacity 5019K, committed 5120K, reserved 262144K
  class space    used 134K, capacity 480K, committed 512K, reserved 253952K
}
Event: 0.442 GC heap after
{Heap after GC invocations=1 (full 0):
 garbage-first heap   total 262144K, used 8093K [0x00000000e0000000, 0x0000000100000000)
  region size 1024K, 2 young (2048K), 2 survivors (2048K)
 Metaspace       used 1379K, capacity 5019K, committed 5120K, reserved 262144K
  class space    used 134K, capacity 480K, committed 512K, reserved 253952K
}
Event: 0.702 GC heap before
{Heap before GC invocations=1 (full 0):
 garbage-first heap   total 262144K, used 18333K [0x00000000e0000000, 0x0000000100000000)
  region size 1024K, 12 young (12288K), 2 survivors (2048K)
 Metaspace       used 3492K, capacity 6410K, committed 6656K, reserved 262144K
  class space    used 452K, capacity 754K, committed 768K, reserved 253952K
}
Event: 0.704 GC heap after
{Heap after GC invocations=2 (full 0):
 garbage-first heap   total 262144K, used 8815K [0x00000000e0000000, 0x0000000100000000)
  region size 1024K, 1 young (1024K), 1 survivors (1024K)
 Metaspace       used 3492K, capacity 6410K, committed 6656K, reserved 262144K
  class space    used 452K, capacity 754K, committed 768K, reserved 253952K
}
Event: 0.925 GC heap before
{Heap before GC invocations=2 (full 0):
 garbage-first heap   total 262144K, used 22127K [0x00000000e0000000, 0x0000000100000000)
  region size 1024K, 14 young (14336K), 1 survivors (1024K)
 Metaspace       used 3971K, capacity 6627K, committed 6656K, reserved 262144K
  class space    used 498K, capacity 762K, committed 768K, reserved 253952K
}
Event: 0.927 GC heap after
{Heap after GC invocations=3 (full 0):
 garbage-first heap   total 262144K, used 9091K [0x00000000e0000000, 0x0000000100000000)
  region size 1024K, 1 young (1024K), 1 survivors (1024K)
 Metaspace       used 3971K, capacity 6627K, committed 6656K, reserved 262144K
  class space    used 498K, capacity 762K, committed 768K, reserved 253952K
}
Event: 1.820 GC heap before
{Heap before GC invocations=3 (full 0):
 garbage-first heap   total 262144K, used 75651K [0x00000000e0000000, 0x0000000100000000)
  region size 1024K, 65 young (66560K), 1 survivors (1024K)
 Metaspace       used 12547K, capacity 12958K, committed 13184K, reserved 266240K
  class space    used 1703K, capacity 1824K, committed 1920K, reserved 253952K
}
Event: 1.829 GC heap after
{Heap after GC invocations=4 (full 0):
 garbage-first heap   total 262144K, used 16253K [0x00000000e0000000, 0x0000000100000000)
  region size 1024K, 8 young (8192K), 8 survivors (8192K)
 Metaspace       used 12547K, capacity 12958K, committed 13184K, reserved 266240K
  class space    used 1703K, capacity 1824K, committed 1920K, reserved 253952K
}
Event: 2.666 GC heap before
{Heap before GC invocations=4 (full 0):
 garbage-first heap   total 262144K, used 69501K [0x00000000e0000000, 0x0000000100000000)
  region size 1024K, 60 young (61440K), 8 survivors (8192K)
 Metaspace       used 19064K, capacity 19676K, committed 19968K, reserved 272384K
  class space    used 2752K, capacity 2967K, committed 3072K, reserved 253952K
}
Event: 2.676 GC heap after
{Heap after GC invocations=5 (full 0):
 garbage-first heap   total 262144K, used 18315K [0x00000000e0000000, 0x0000000100000000)
  region size 1024K, 3 young (3072K), 3 survivors (3072K)
 Metaspace       used 19064K, capacity 19676K, committed 19968K, reserved 272384K
  class space    used 2752K, capacity 2967K, committed 3072K, reserved 253952K
}
Event: 2.846 GC heap before
{Heap before GC invocations=5 (full 0):
 garbage-first heap   total 262144K, used 32651K [0x00000000e0000000, 0x0000000100000000)
  region size 1024K, 18 young (18432K), 3 survivors (3072K)
 Metaspace       used 20633K, capacity 21209K, committed 21296K, reserved 272384K
  class space    used 2996K, capacity 3178K, committed 3200K, reserved 253952K
}
Event: 2.849 GC heap after
{Heap after GC invocations=6 (full 0):
 garbage-first heap   total 262144K, used 18688K [0x00000000e0000000, 0x0000000100000000)
  region size 1024K, 3 young (3072K), 3 survivors (3072K)
 Metaspace       used 20633K, capacity 21209K, committed 21296K, reserved 272384K
  class space    used 2996K, capacity 3178K, committed 3200K, reserved 253952K
}

Deoptimization events (20 events):
Event: 3.177 Thread 0x00000217b2211000 Uncommon trap: trap_request=0xffffff45 fr.pc=0x00000217a5438390 relative=0x0000000000005ab0
Event: 3.177 Thread 0x00000217b2211000 Uncommon trap: reason=unstable_if action=reinterpret pc=0x00000217a5438390 method=java.net.URLClassLoader.defineClass(Ljava/lang/String;Ljdk/internal/loader/Resource;)Ljava/lang/Class; @ 21 c2
Event: 3.177 Thread 0x00000217b2211000 DEOPT PACKING pc=0x00000217a5438390 sp=0x00000044e79fb8d0
Event: 3.177 Thread 0x00000217b2211000 DEOPT UNPACKING pc=0x000002179d87912f sp=0x00000044e79fb898 mode 2
Event: 3.201 Thread 0x00000217b2211000 Uncommon trap: trap_request=0xffffffde fr.pc=0x00000217a53b34d8 relative=0x0000000000001c18
Event: 3.201 Thread 0x00000217b2211000 Uncommon trap: reason=class_check action=maybe_recompile pc=0x00000217a53b34d8 method=java.io.BufferedInputStream.read([BII)I @ 101 c2
Event: 3.201 Thread 0x00000217b2211000 DEOPT PACKING pc=0x00000217a53b34d8 sp=0x00000044e79f8fc0
Event: 3.201 Thread 0x00000217b2211000 DEOPT UNPACKING pc=0x000002179d87912f sp=0x00000044e79f8e80 mode 2
Event: 3.201 Thread 0x00000217b2211000 Uncommon trap: trap_request=0xffffffde fr.pc=0x00000217a53b34d8 relative=0x0000000000001c18
Event: 3.201 Thread 0x00000217b2211000 Uncommon trap: reason=class_check action=maybe_recompile pc=0x00000217a53b34d8 method=java.io.BufferedInputStream.read([BII)I @ 101 c2
Event: 3.201 Thread 0x00000217b2211000 DEOPT PACKING pc=0x00000217a53b34d8 sp=0x00000044e79f8fc0
Event: 3.201 Thread 0x00000217b2211000 DEOPT UNPACKING pc=0x000002179d87912f sp=0x00000044e79f8e80 mode 2
Event: 3.202 Thread 0x00000217b2211000 Uncommon trap: trap_request=0xffffffde fr.pc=0x00000217a53b34d8 relative=0x0000000000001c18
Event: 3.202 Thread 0x00000217b2211000 Uncommon trap: reason=class_check action=maybe_recompile pc=0x00000217a53b34d8 method=java.io.BufferedInputStream.read([BII)I @ 101 c2
Event: 3.202 Thread 0x00000217b2211000 DEOPT PACKING pc=0x00000217a53b34d8 sp=0x00000044e79f8fc0
Event: 3.202 Thread 0x00000217b2211000 DEOPT UNPACKING pc=0x000002179d87912f sp=0x00000044e79f8e80 mode 2
Event: 3.203 Thread 0x00000217b2211000 Uncommon trap: trap_request=0xffffffde fr.pc=0x00000217a53b34d8 relative=0x0000000000001c18
Event: 3.203 Thread 0x00000217b2211000 Uncommon trap: reason=class_check action=maybe_recompile pc=0x00000217a53b34d8 method=java.io.BufferedInputStream.read([BII)I @ 101 c2
Event: 3.203 Thread 0x00000217b2211000 DEOPT PACKING pc=0x00000217a53b34d8 sp=0x00000044e79f8fc0
Event: 3.203 Thread 0x00000217b2211000 DEOPT UNPACKING pc=0x000002179d87912f sp=0x00000044e79f8e80 mode 2

Classes unloaded (0 events):
No events

Classes redefined (0 events):
No events

Internal exceptions (20 events):
Event: 2.364 Thread 0x00000217b2211000 Exception <a 'java/lang/NoSuchMethodError'{0x00000000edbbb898}: 'java.lang.Object java.lang.invoke.Invokers$Holder.linkToTargetMethod(java.lang.Object, int, java.lang.Object)'> (0x00000000edbbb898) 
thrown [./open/src/hotspot/share/interpreter/linkResolver.cpp, line 766]
Event: 2.538 Thread 0x00000217b2211000 Implicit null exception at 0x00000217a5404885 to 0x00000217a5404a94
Event: 2.588 Thread 0x00000217b2211000 Implicit null exception at 0x00000217a53340af to 0x00000217a533412d
Event: 2.600 Thread 0x00000217b2211000 Exception <a 'java/lang/NoSuchMethodError'{0x00000000ed18e990}: 'java.lang.Object java.lang.invoke.Invokers$Holder.invokeExact_MT(java.lang.Object, java.lang.Object, java.lang.Object, java.lang.Object, java.lang.Object, java.lang.Object)'> (0x00000000ed18e990) 
thrown [./open/src/hotspot/share/interpreter/linkResolver.cpp, line 766]
Event: 2.629 Thread 0x00000217b2211000 Exception <a 'java/lang/NoSuchMethodError'{0x00000000ecf17610}: 'java.lang.Object java.lang.invoke.DirectMethodHandle$Holder.invokeSpecialIFC(java.lang.Object, java.lang.Object, java.lang.Object, java.lang.Object)'> (0x00000000ecf17610) 
thrown [./open/src/hotspot/share/interpreter/linkResolver.cpp, line 766]
Event: 2.642 Thread 0x00000217b2211000 Exception <a 'java/lang/NoSuchMethodError'{0x00000000ecfd8ab0}: 'java.lang.Object java.lang.invoke.DirectMethodHandle$Holder.invokeSpecial(java.lang.Object, java.lang.Object, java.lang.Object, java.lang.Object, java.lang.Object, java.lang.Object, java.lang.Object, java.lang.Object, java.lang.Object, java.lang.Object, java.lang.Object, java.lang.Object, java.lang.Object)'> (0x00000000ecfd8ab0) 
thrown [./open/src/hotspot/share/interpreter/linkResolver.cpp, line 766]
Event: 2.643 Thread 0x00000217b2211000 Exception <a 'java/lang/NoSuchMethodError'{0x00000000ecfe9300}: 'java.lang.Object java.lang.invoke.DirectMethodHandle$Holder.invokeSpecial(java.lang.Object, java.lang.Object, java.lang.Object, java.lang.Object, java.lang.Object, java.lang.Object, java.lang.Object, java.lang.Object, java.lang.Object, java.lang.Object, java.lang.Object, java.lang.Object)'> (0x00000000ecfe9300) 
thrown [./open/src/hotspot/share/interpreter/linkResolver.cpp, line 766]
Event: 2.643 Thread 0x00000217b2211000 Exception <a 'java/lang/NoSuchMethodError'{0x00000000ecfed948}: 'java.lang.Object java.lang.invoke.Invokers$Holder.linkToTargetMethod(java.lang.Object, java.lang.Object, java.lang.Object, java.lang.Object, java.lang.Object, java.lang.Object, java.lang.Object, java.lang.Object, java.lang.Object, java.lang.Object, java.lang.Object)'> (0x00000000ecfed948) 
thrown [./open/src/hotspot/share/interpreter/linkResolver.cpp, line 766]
Event: 2.651 Thread 0x00000217b2211000 Exception <a 'java/lang/NoSuchMethodError'{0x00000000ecef02b8}: 'java.lang.Object java.lang.invoke.DirectMethodHandle$Holder.invokeSpecial(java.lang.Object, java.lang.Object, java.lang.Object, java.lang.Object, java.lang.Object, java.lang.Object, java.lang.Object, java.lang.Object, java.lang.Object, java.lang.Object, java.lang.Object, java.lang.Object, java.lang.Object, java.lang.Object)'> (0x00000000ecef02b8) 
thrown [./open/src/hotspot/share/interpreter/linkResolver.cpp, line 766]
Event: 2.652 Thread 0x00000217b2211000 Exception <a 'java/lang/NoSuchMethodError'{0x00000000ecd01e48}: 'java.lang.Object java.lang.invoke.Invokers$Holder.linkToTargetMethod(java.lang.Object, java.lang.Object, java.lang.Object, java.lang.Object, java.lang.Object, java.lang.Object, java.lang.Object, java.lang.Object, java.lang.Object, java.lang.Object, java.lang.Object, java.lang.Object)'> (0x00000000ecd01e48) 
thrown [./open/src/hotspot/share/interpreter/linkResolver.cpp, line 766]
Event: 2.657 Thread 0x00000217b2211000 Exception <a 'java/lang/NoSuchMethodError'{0x00000000ecd79218}: 'java.lang.Object java.lang.invoke.DirectMethodHandle$Holder.invokeStaticInit(java.lang.Object, java.lang.Object, java.lang.Object, java.lang.Object)'> (0x00000000ecd79218) 
thrown [./open/src/hotspot/share/interpreter/linkResolver.cpp, line 766]
Event: 2.932 Thread 0x00000217b2211000 Exception <a 'java/lang/NoSuchMethodError'{0x00000000efa4a130}: 'java.lang.Object java.lang.invoke.DirectMethodHandle$Holder.invokeSpecial(java.lang.Object, java.lang.Object, java.lang.Object, java.lang.Object, java.lang.Object, java.lang.Object, java.lang.Object, java.lang.Object, java.lang.Object)'> (0x00000000efa4a130) 
thrown [./open/src/hotspot/share/interpreter/linkResolver.cpp, line 766]
Event: 2.932 Thread 0x00000217b2211000 Exception <a 'java/lang/NoSuchMethodError'{0x00000000efa4e1f0}: 'java.lang.Object java.lang.invoke.Invokers$Holder.linkToTargetMethod(java.lang.Object, java.lang.Object, java.lang.Object, java.lang.Object, java.lang.Object, java.lang.Object, java.lang.Object, java.lang.Object)'> (0x00000000efa4e1f0) 
thrown [./open/src/hotspot/share/interpreter/linkResolver.cpp, line 766]
Event: 2.937 Thread 0x00000217b2211000 Exception <a 'java/lang/NoSuchMethodError'{0x00000000efabb3f0}: 'void java.lang.invoke.DirectMethodHandle$Holder.invokeStaticInit(java.lang.Object, java.lang.Object)'> (0x00000000efabb3f0) 
thrown [./open/src/hotspot/share/interpreter/linkResolver.cpp, line 766]
Event: 2.979 Thread 0x00000217b2211000 Exception <a 'java/lang/NoSuchMethodError'{0x00000000ef79cbb0}: 'int java.lang.invoke.DirectMethodHandle$Holder.invokeStaticInit(java.lang.Object, java.lang.Object, java.lang.Object)'> (0x00000000ef79cbb0) 
thrown [./open/src/hotspot/share/interpreter/linkResolver.cpp, line 766]
Event: 2.979 Thread 0x00000217b2211000 Exception <a 'java/lang/NoSuchMethodError'{0x00000000ef7a2bd8}: 'int java.lang.invoke.DirectMethodHandle$Holder.invokeStatic(java.lang.Object, java.lang.Object, java.lang.Object, java.lang.Object, java.lang.Object)'> (0x00000000ef7a2bd8) 
thrown [./open/src/hotspot/share/interpreter/linkResolver.cpp, line 766]
Event: 2.984 Thread 0x00000217b2211000 Exception <a 'java/lang/NoSuchMethodError'{0x00000000ef7f1ee0}: 'void java.lang.invoke.DirectMethodHandle$Holder.invokeSpecial(java.lang.Object, java.lang.Object)'> (0x00000000ef7f1ee0) 
thrown [./open/src/hotspot/share/interpreter/linkResolver.cpp, line 766]
Event: 3.169 Thread 0x00000217b2211000 Exception <a 'java/lang/NoSuchMethodError'{0x00000000ef31a758}: 'void java.lang.invoke.DirectMethodHandle$Holder.invokeStatic(java.lang.Object, java.lang.Object, java.lang.Object, java.lang.Object)'> (0x00000000ef31a758) 
thrown [./open/src/hotspot/share/interpreter/linkResolver.cpp, line 766]
Event: 3.176 Thread 0x00000217b2211000 Implicit null exception at 0x00000217a536a3cb to 0x00000217a536b47e
Event: 3.186 Thread 0x00000217b2211000 Exception <a 'java/lang/NoSuchMethodError'{0x00000000ef20bbc8}: 'void java.lang.invoke.DirectMethodHandle$Holder.invokeStaticInit(java.lang.Object, java.lang.Object, java.lang.Object, java.lang.Object)'> (0x00000000ef20bbc8) 
thrown [./open/src/hotspot/share/interpreter/linkResolver.cpp, line 766]

Events (20 events):
Event: 3.368 loading class org/w3c/dom/Node done
Event: 3.368 loading class org/w3c/dom/Element done
Event: 3.368 loading class org/w3c/dom/DOMException
Event: 3.369 loading class org/w3c/dom/DOMException done
Event: 3.369 loading class org/w3c/dom/Attr
Event: 3.369 loading class org/w3c/dom/Attr done
Event: 3.369 loading class org/w3c/dom/TypeInfo
Event: 3.369 loading class org/w3c/dom/TypeInfo done
Event: 3.369 loading class org/w3c/dom/NamedNodeMap
Event: 3.369 loading class org/w3c/dom/NamedNodeMap done
Event: 3.369 loading class org/w3c/dom/UserDataHandler
Event: 3.369 loading class org/w3c/dom/UserDataHandler done
Event: 3.369 loading class org/w3c/dom/Document
Event: 3.369 loading class org/w3c/dom/Document done
Event: 3.370 Executing VM operation: HandshakeOneThread
Event: 3.370 Executing VM operation: HandshakeOneThread done
Event: 3.388 loading class java/beans/PropertyDescriptor
Event: 3.388 loading class java/beans/PropertyDescriptor done
Event: 3.391 loading class java/lang/reflect/AnnotatedType
Event: 3.391 loading class java/lang/reflect/AnnotatedType done


Dynamic libraries:
0x00007ff644140000 - 0x00007ff64414f000 	C:\Program Files\Java\jdk-14.0.2\bin\java.exe
0x00007ff84c020000 - 0x00007ff84c210000 	C:\WINDOWS\SYSTEM32\ntdll.dll
0x00007ff84a0e0000 - 0x00007ff84a192000 	C:\WINDOWS\System32\KERNEL32.DLL
0x00007ff849010000 - 0x00007ff8492b5000 	C:\WINDOWS\System32\KERNELBASE.dll
0x00007ff849310000 - 0x00007ff84940a000 	C:\WINDOWS\System32\ucrtbase.dll
0x00007ff846ef0000 - 0x00007ff846f08000 	C:\Program Files\Java\jdk-14.0.2\bin\jli.dll
0x00007ff84b030000 - 0x00007ff84b0d3000 	C:\WINDOWS\System32\ADVAPI32.dll
0x00007ff84ad10000 - 0x00007ff84adae000 	C:\WINDOWS\System32\msvcrt.dll
0x00007ff84ae80000 - 0x00007ff84af17000 	C:\WINDOWS\System32\sechost.dll
0x00007ff84a8c0000 - 0x00007ff84a9e0000 	C:\WINDOWS\System32\RPCRT4.dll
0x00007ff84b770000 - 0x00007ff84b905000 	C:\WINDOWS\System32\USER32.dll
0x00007ff849410000 - 0x00007ff849431000 	C:\WINDOWS\System32\win32u.dll
0x00007ff84ace0000 - 0x00007ff84ad06000 	C:\WINDOWS\System32\GDI32.dll
0x00007ff849e70000 - 0x00007ff84a006000 	C:\WINDOWS\System32\gdi32full.dll
0x00007ff84a030000 - 0x00007ff84a0ce000 	C:\WINDOWS\System32\msvcp_win.dll
0x00007ff836f30000 - 0x00007ff836f45000 	C:\Program Files\Java\jdk-14.0.2\bin\VCRUNTIME140.dll
0x00007ff836c30000 - 0x00007ff836eb4000 	C:\WINDOWS\WinSxS\amd64_microsoft.windows.common-controls_6595b64144ccf1df_6.0.18362.1082_none_9e8193e1e45b25c1\COMCTL32.dll
0x00007ff84b110000 - 0x00007ff84b445000 	C:\WINDOWS\System32\combase.dll
0x00007ff849df0000 - 0x00007ff849e70000 	C:\WINDOWS\System32\bcryptPrimitives.dll
0x00007ff840ad0000 - 0x00007ff840ada000 	C:\WINDOWS\SYSTEM32\VERSION.dll
0x00007ff84b0e0000 - 0x00007ff84b10e000 	C:\WINDOWS\System32\IMM32.DLL
0x00007ff8291a0000 - 0x00007ff82923b000 	C:\Program Files\Java\jdk-14.0.2\bin\msvcp140.dll
0x00007ff80f420000 - 0x00007ff80ff3e000 	C:\Program Files\Java\jdk-14.0.2\bin\server\jvm.dll
0x00007ff84a1c0000 - 0x00007ff84a1c8000 	C:\WINDOWS\System32\PSAPI.DLL
0x00007ff8286e0000 - 0x00007ff8286e9000 	C:\WINDOWS\SYSTEM32\WSOCK32.dll
0x00007ff84ab20000 - 0x00007ff84ab8f000 	C:\WINDOWS\System32\WS2_32.dll
0x00007ff846e20000 - 0x00007ff846e44000 	C:\WINDOWS\SYSTEM32\WINMM.dll
0x00007ff846df0000 - 0x00007ff846e1d000 	C:\WINDOWS\SYSTEM32\WINMMBASE.dll
0x00007ff8492c0000 - 0x00007ff84930a000 	C:\WINDOWS\System32\cfgmgr32.dll
0x00007ff848f90000 - 0x00007ff848fa1000 	C:\WINDOWS\System32\kernel.appcore.dll
0x00007ff83e300000 - 0x00007ff83e30a000 	C:\Program Files\Java\jdk-14.0.2\bin\jimage.dll
0x00007ff83ffb0000 - 0x00007ff8401a4000 	C:\WINDOWS\SYSTEM32\DBGHELP.DLL
0x00007ff840ae0000 - 0x00007ff840b0a000 	C:\WINDOWS\SYSTEM32\dbgcore.DLL
0x00007ff834660000 - 0x00007ff834685000 	C:\Program Files\Java\jdk-14.0.2\bin\java.dll
0x00007ff832800000 - 0x00007ff832816000 	C:\Program Files\Java\jdk-14.0.2\bin\zip.dll
0x00007ff84a1d0000 - 0x00007ff84a8b7000 	C:\WINDOWS\System32\SHELL32.dll
0x00007ff84af20000 - 0x00007ff84afc9000 	C:\WINDOWS\System32\shcore.dll
0x00007ff849520000 - 0x00007ff849ca0000 	C:\WINDOWS\System32\windows.storage.dll
0x00007ff848ef0000 - 0x00007ff848f13000 	C:\WINDOWS\System32\profapi.dll
0x00007ff848f40000 - 0x00007ff848f8a000 	C:\WINDOWS\System32\powrprof.dll
0x00007ff848ee0000 - 0x00007ff848ef0000 	C:\WINDOWS\System32\UMPDC.dll
0x00007ff84ac00000 - 0x00007ff84ac52000 	C:\WINDOWS\System32\shlwapi.dll
0x00007ff84a010000 - 0x00007ff84a027000 	C:\WINDOWS\System32\cryptsp.dll
0x00007ff8327e0000 - 0x00007ff8327f9000 	C:\Program Files\Java\jdk-14.0.2\bin\net.dll
0x00007ff841b80000 - 0x00007ff841c70000 	C:\WINDOWS\SYSTEM32\WINHTTP.dll
0x00007ff8486d0000 - 0x00007ff848737000 	C:\WINDOWS\system32\mswsock.dll
0x00007ff82bf50000 - 0x00007ff82bf62000 	C:\Program Files\Java\jdk-14.0.2\bin\nio.dll
0x00007ff83e2d0000 - 0x00007ff83e2e0000 	C:\Program Files\Java\jdk-14.0.2\bin\verify.dll
0x00007ff83dd80000 - 0x00007ff83dda7000 	C:\Users\d503t\.gradle\native\f6784746aeab05261644944871eae4fe03e0ef1612fff0a4a95f87b438bc6780\windows-amd64\native-platform.dll
0x00007ff83c360000 - 0x00007ff83c369000 	C:\Program Files\Java\jdk-14.0.2\bin\management.dll
0x00007ff83c000000 - 0x00007ff83c00b000 	C:\Program Files\Java\jdk-14.0.2\bin\management_ext.dll
0x00007ff848240000 - 0x00007ff848273000 	C:\WINDOWS\system32\rsaenh.dll
0x00007ff8494f0000 - 0x00007ff849516000 	C:\WINDOWS\System32\bcrypt.dll
0x00007ff848dc0000 - 0x00007ff848de5000 	C:\WINDOWS\SYSTEM32\USERENV.dll
0x00007ff8488a0000 - 0x00007ff8488ac000 	C:\WINDOWS\SYSTEM32\CRYPTBASE.dll
0x00007ff8483e0000 - 0x00007ff84841a000 	C:\WINDOWS\SYSTEM32\IPHLPAPI.DLL
0x00007ff84a0d0000 - 0x00007ff84a0d8000 	C:\WINDOWS\System32\NSI.dll
0x00007ff842b70000 - 0x00007ff842b86000 	C:\WINDOWS\SYSTEM32\dhcpcsvc6.DLL
0x00007ff842b50000 - 0x00007ff842b6c000 	C:\WINDOWS\SYSTEM32\dhcpcsvc.DLL
0x00007ff848430000 - 0x00007ff8484fb000 	C:\WINDOWS\SYSTEM32\DNSAPI.dll
0x00007ff842b90000 - 0x00007ff842b9b000 	C:\WINDOWS\SYSTEM32\WINNSI.DLL

dbghelp: loaded successfully - version: 4.0.5 - missing functions: none
symbol engine: initialized successfully - sym options: 0x614 - pdb path: .;C:\Program Files\Java\jdk-14.0.2\bin;C:\WINDOWS\SYSTEM32;C:\WINDOWS\WinSxS\amd64_microsoft.windows.common-controls_6595b64144ccf1df_6.0.18362.1082_none_9e8193e1e45b25c1;C:\Program Files\Java\jdk-14.0.2\bin\server;C:\Users\d503t\.gradle\native\f6784746aeab05261644944871eae4fe03e0ef1612fff0a4a95f87b438bc6780\windows-amd64

VM Arguments:
jvm_args: --add-opens=java.base/java.util=ALL-UNNAMED --add-opens=java.base/java.lang=ALL-UNNAMED --add-opens=java.base/java.lang.invoke=ALL-UNNAMED --add-opens=java.prefs/java.util.prefs=ALL-UNNAMED -XX:MaxMetaspaceSize=256m -XX:+HeapDumpOnOutOfMemoryError -Xms256m -Xmx512m -Dfile.encoding=windows-1252 -Duser.country=US -Duser.language=en -Duser.variant 
java_command: org.gradle.launcher.daemon.bootstrap.GradleDaemon 6.5.1
java_class_path (initial): C:\Users\d503t\.gradle\wrapper\dists\gradle-6.5.1-all\cdund22i8guosqylfo49op4dv\gradle-6.5.1\lib\gradle-launcher-6.5.1.jar
Launcher Type: SUN_STANDARD

[Global flags]
     intx CICompilerCount                          = 2                                         {product} {ergonomic}
   size_t CompressedClassSpaceSize                 = 260046848                                 {product} {ergonomic}
     uint ConcGCThreads                            = 1                                         {product} {ergonomic}
     uint G1ConcRefinementThreads                  = 2                                         {product} {ergonomic}
   size_t G1HeapRegionSize                         = 1048576                                   {product} {ergonomic}
    uintx GCDrainStackTargetSize                   = 64                                        {product} {ergonomic}
     bool HeapDumpOnOutOfMemoryError               = true                                   {manageable} {command line}
   size_t InitialHeapSize                          = 268435456                                 {product} {command line}
   size_t MarkStackSize                            = 4194304                                   {product} {ergonomic}
   size_t MaxHeapSize                              = 536870912                                 {product} {command line}
   size_t MaxMetaspaceSize                         = 268435456                                 {product} {command line}
   size_t MaxNewSize                               = 321912832                                 {product} {ergonomic}
   size_t MinHeapDeltaBytes                        = 1048576                                   {product} {ergonomic}
   size_t MinHeapSize                              = 268435456                                 {product} {command line}
    uintx NonNMethodCodeHeapSize                   = 5826188                                {pd product} {ergonomic}
    uintx NonProfiledCodeHeapSize                  = 122916026                              {pd product} {ergonomic}
    uintx ProfiledCodeHeapSize                     = 122916026                              {pd product} {ergonomic}
    uintx ReservedCodeCacheSize                    = 251658240                              {pd product} {ergonomic}
     bool SegmentedCodeCache                       = true                                      {product} {ergonomic}
   size_t SoftMaxHeapSize                          = 536870912                              {manageable} {ergonomic}
     bool UseCompressedClassPointers               = true                                 {lp64_product} {ergonomic}
     bool UseCompressedOops                        = true                                 {lp64_product} {ergonomic}
     bool UseG1GC                                  = true                                      {product} {ergonomic}
     bool UseLargePagesIndividualAllocation        = false                                  {pd product} {ergonomic}

Logging:
Log output configuration:
 #0: stdout all=warning uptime,level,tags
 #1: stderr all=off uptime,level,tags

Environment Variables:
PATH=C:\WINDOWS\system32;C:\WINDOWS;C:\WINDOWS\System32\Wbem;C:\WINDOWS\System32\WindowsPowerShell\v1.0\;C:\WINDOWS\System32\OpenSSH\;C:\Program Files\Git\cmd;C:\Users\d503t\AppData\Local\Microsoft\WindowsApps;;C:\Program Files\JetBrains\IntelliJ IDEA Community Edition 2020.2\bin;
USERNAME=d503t
OS=Windows_NT
PROCESSOR_IDENTIFIER=Intel64 Family 6 Model 94 Stepping 3, GenuineIntel



---------------  S Y S T E M  ---------------

OS: Windows 10 , 64 bit Build 18362 (10.0.18362.1082)
OS uptime: 0 days 9:13 hours
KVM virtualization detected

CPU:total 2 (initial active 2) (1 cores per cpu, 1 threads per core) family 6 model 94 stepping 3, cmov, cx8, fxsr, mmx, sse, sse2, sse3, ssse3, sse4.1, sse4.2, popcnt, avx, avx2, aes, clmul, erms, rtm, 3dnowpref, lzcnt, tsc, bmi1, bmi2, adx, fma

Memory: 4k page, system-wide physical 8191M (290M free)
TotalPageFile size 15738M (AvailPageFile size 4M)
current process WorkingSet (physical memory assigned to process): 203M, peak: 203M
current process commit charge ("private bytes"): 409M, peak: 410M

vm_info: Java HotSpot(TM) 64-Bit Server VM (14.0.2+12-46) for windows-amd64 JRE (14.0.2+12-46), built on Jul  9 2020 00:35:52 by "mach5one" with MS VC++ 15.9 (VS2017)

END.
