#
# There is insufficient memory for the Java Runtime Environment to continue.
# Native memory allocation (malloc) failed to allocate 1637616 bytes for Chunk::new
# Possible reasons:
#   The system is out of physical RAM or swap space
#   The process is running with CompressedOops enabled, and the Java Heap may be blocking the growth of the native heap
# Possible solutions:
#   Reduce memory load on the system
#   Increase physical memory or swap space
#   Check if swap backing store is full
#   Decrease Java heap size (-Xmx/-Xms)
#   Decrease number of Java threads
#   Decrease Java thread stack sizes (-Xss)
#   Set larger code cache with -XX:ReservedCodeCacheSize=
#   JVM is running with Unscaled Compressed Oops mode in which the Java heap is
#     placed in the first 4GB address space. The Java Heap base address is the
#     maximum limit for the native heap growth. Please use -XX:HeapBaseMinAddress
#     to set the Java Heap base and to place the Java Heap above 4GB virtual address.
# This output file may be truncated or incomplete.
#
#  Out of Memory Error (./open/src/hotspot/share/memory/arena.cpp:195), pid=5508, tid=8696
#
# JRE version: Java(TM) SE Runtime Environment (14.0.2+12) (build 14.0.2+12-46)
# Java VM: Java HotSpot(TM) 64-Bit Server VM (14.0.2+12-46, mixed mode, sharing, tiered, compressed oops, g1 gc, windows-amd64)
# No core dump will be written. Minidumps are not enabled by default on client versions of Windows
#

---------------  S U M M A R Y ------------

Command Line: --add-opens=java.base/java.util=ALL-UNNAMED --add-opens=java.base/java.lang=ALL-UNNAMED --add-opens=java.base/java.lang.invoke=ALL-UNNAMED --add-opens=java.prefs/java.util.prefs=ALL-UNNAMED -XX:MaxMetaspaceSize=256m -XX:+HeapDumpOnOutOfMemoryError -Xms256m -Xmx512m -Dfile.encoding=windows-1252 -Duser.country=US -Duser.language=en -Duser.variant org.gradle.launcher.daemon.bootstrap.GradleDaemon 6.5.1

Host: Intel Core Processor (Skylake), 2 cores, 7G,  Windows 10 , 64 bit Build 18362 (10.0.18362.1082)
Time: Wed Sep 16 16:40:08 2020 Pacific Daylight Time elapsed time: 3 seconds (0d 0h 0m 3s)

---------------  T H R E A D  ---------------

Current thread (0x00000204d6686800):  JavaThread "C2 CompilerThread0" daemon [_thread_in_native, id=8696, stack(0x00000007e7200000,0x00000007e7300000)]


Current CompileTask:
C2:   3134 2744       4       org.codehaus.groovy.reflection.CachedMethod::compareTo (25 bytes)

Stack: [0x00000007e7200000,0x00000007e7300000]
Native frames: (J=compiled Java code, j=interpreted, Vv=VM code, C=native code)
V  [jvm.dll+0x5f8a9a]
V  [jvm.dll+0x74247a]
V  [jvm.dll+0x743c2f]
V  [jvm.dll+0x744273]
V  [jvm.dll+0x20d288]
V  [jvm.dll+0xabb07]
V  [jvm.dll+0xac1fc]
V  [jvm.dll+0x31c438]
V  [jvm.dll+0x2e6b38]
V  [jvm.dll+0x2e5f3a]
V  [jvm.dll+0x1e5e16]
V  [jvm.dll+0x1e50b8]
V  [jvm.dll+0x1779cc]
V  [jvm.dll+0x1f4105]
V  [jvm.dll+0x1f22eb]
V  [jvm.dll+0x7070cd]
V  [jvm.dll+0x6ffeda]
V  [jvm.dll+0x5f78f6]
C  [ucrtbase.dll+0x20e82]
C  [KERNEL32.DLL+0x17bd4]
C  [ntdll.dll+0x6ce51]


---------------  P R O C E S S  ---------------

Threads class SMR info:
_java_thread_list=0x00000204d9458570, length=31, elements={
0x00000204b9bdb800, 0x00000204d6661000, 0x00000204d6663000, 0x00000204d6680000,
0x00000204d6681800, 0x00000204d6683800, 0x00000204d6686800, 0x00000204d6ffd000,
0x00000204d7001800, 0x00000204d70bd800, 0x00000204d70c8000, 0x00000204d896d800,
0x00000204d7fde800, 0x00000204d81fc800, 0x00000204d88ed000, 0x00000204d86ff800,
0x00000204d7ea9000, 0x00000204d8249800, 0x00000204d824b800, 0x00000204d8ab9800,
0x00000204d8ab8800, 0x00000204d8abb000, 0x00000204d8abf000, 0x00000204d8abc000,
0x00000204d8aba000, 0x00000204d8abc800, 0x00000204d8abd800, 0x00000204d8abe000,
0x00000204d9f2e800, 0x00000204d9f2d800, 0x00000204d9f30000
}

Java Threads: ( => current thread )
  0x00000204b9bdb800 JavaThread "main" [_thread_blocked, id=9732, stack(0x00000007e6600000,0x00000007e6700000)]
  0x00000204d6661000 JavaThread "Reference Handler" daemon [_thread_blocked, id=13128, stack(0x00000007e6d00000,0x00000007e6e00000)]
  0x00000204d6663000 JavaThread "Finalizer" daemon [_thread_blocked, id=12976, stack(0x00000007e6e00000,0x00000007e6f00000)]
  0x00000204d6680000 JavaThread "Signal Dispatcher" daemon [_thread_blocked, id=1312, stack(0x00000007e6f00000,0x00000007e7000000)]
  0x00000204d6681800 JavaThread "Attach Listener" daemon [_thread_blocked, id=6728, stack(0x00000007e7000000,0x00000007e7100000)]
  0x00000204d6683800 JavaThread "Service Thread" daemon [_thread_blocked, id=9256, stack(0x00000007e7100000,0x00000007e7200000)]
=>0x00000204d6686800 JavaThread "C2 CompilerThread0" daemon [_thread_in_native, id=8696, stack(0x00000007e7200000,0x00000007e7300000)]
  0x00000204d6ffd000 JavaThread "C1 CompilerThread0" daemon [_thread_blocked, id=10856, stack(0x00000007e7300000,0x00000007e7400000)]
  0x00000204d7001800 JavaThread "Sweeper thread" daemon [_thread_blocked, id=12292, stack(0x00000007e7400000,0x00000007e7500000)]
  0x00000204d70bd800 JavaThread "Common-Cleaner" daemon [_thread_blocked, id=8676, stack(0x00000007e7500000,0x00000007e7600000)]
  0x00000204d70c8000 JavaThread "Notification Thread" daemon [_thread_blocked, id=11420, stack(0x00000007e7600000,0x00000007e7700000)]
  0x00000204d896d800 JavaThread "Daemon health stats" [_thread_blocked, id=12828, stack(0x00000007e7a00000,0x00000007e7b00000)]
  0x00000204d7fde800 JavaThread "Incoming local TCP Connector on port 52514" [_thread_in_native, id=12936, stack(0x00000007e7d00000,0x00000007e7e00000)]
  0x00000204d81fc800 JavaThread "Daemon periodic checks" [_thread_blocked, id=7008, stack(0x00000007e7e00000,0x00000007e7f00000)]
  0x00000204d88ed000 JavaThread "Daemon" [_thread_blocked, id=5780, stack(0x00000007e7f00000,0x00000007e8000000)]
  0x00000204d86ff800 JavaThread "Handler for socket connection from /127.0.0.1:52514 to /127.0.0.1:52515" [_thread_in_native, id=5296, stack(0x00000007e8000000,0x00000007e8100000)]
  0x00000204d7ea9000 JavaThread "Cancel handler" [_thread_blocked, id=12688, stack(0x00000007e8100000,0x00000007e8200000)]
  0x00000204d8249800 JavaThread "Daemon worker" [_thread_in_native, id=5512, stack(0x00000007e8200000,0x00000007e8300000)]
  0x00000204d824b800 JavaThread "Asynchronous log dispatcher for DefaultDaemonConnection: socket connection from /127.0.0.1:52514 to /127.0.0.1:52515" [_thread_blocked, id=11816, stack(0x00000007e8300000,0x00000007e8400000)]
  0x00000204d8ab9800 JavaThread "Stdin handler" [_thread_blocked, id=1880, stack(0x00000007e8400000,0x00000007e8500000)]
  0x00000204d8ab8800 JavaThread "Thread-8" [_thread_blocked, id=12572, stack(0x00000007e8500000,0x00000007e8600000)]
  0x00000204d8abb000 JavaThread "Cache worker for journal cache (C:\Users\d503t\.gradle\caches\journal-1)" [_thread_blocked, id=6812, stack(0x00000007e8600000,0x00000007e8700000)]
  0x00000204d8abf000 JavaThread "File lock request listener" [_thread_in_native, id=10728, stack(0x00000007e8700000,0x00000007e8800000)]
  0x00000204d8abc000 JavaThread "Cache worker for file hash cache (C:\Users\d503t\.gradle\caches\6.5.1\fileHashes)" [_thread_blocked, id=12836, stack(0x00000007e8800000,0x00000007e8900000)]
  0x00000204d8aba000 JavaThread "Cache worker for file hash cache (C:\Users\d503t\IdeaProjects\alone_the_refactor\.gradle\6.5.1\fileHashes)" [_thread_blocked, id=7612, stack(0x00000007e8900000,0x00000007e8a00000)]
  0x00000204d8abc800 JavaThread "Cache worker for checksums cache (C:\Users\d503t\IdeaProjects\alone_the_refactor\.gradle\checksums)" [_thread_blocked, id=8476, stack(0x00000007e8a00000,0x00000007e8b00000)]
  0x00000204d8abd800 JavaThread "Cache worker for cache directory md-supplier (C:\Users\d503t\.gradle\caches\6.5.1\md-supplier)" [_thread_blocked, id=13296, stack(0x00000007e8b00000,0x00000007e8c00000)]
  0x00000204d8abe000 JavaThread "Cache worker for cache directory md-rule (C:\Users\d503t\.gradle\caches\6.5.1\md-rule)" [_thread_blocked, id=4540, stack(0x00000007e8c00000,0x00000007e8d00000)]
  0x00000204d9f2e800 JavaThread "Cache worker for execution history cache (C:\Users\d503t\.gradle\caches\6.5.1\executionHistory)" [_thread_blocked, id=13060, stack(0x00000007e8d00000,0x00000007e8e00000)]
  0x00000204d9f2d800 JavaThread "jar transforms" [_thread_blocked, id=7400, stack(0x00000007e8e00000,0x00000007e8f00000)]
  0x00000204d9f30000 JavaThread "Cache worker for file content cache (C:\Users\d503t\.gradle\caches\6.5.1\fileContent)" [_thread_blocked, id=988, stack(0x00000007e8f00000,0x00000007e9000000)]

Other Threads:
  0x00000204d6659000 VMThread "VM Thread" [stack: 0x00000007e6c00000,0x00000007e6d00000] [id=6960]
  0x00000204d70c9000 WatcherThread [stack: 0x00000007e7700000,0x00000007e7800000] [id=12584]
  0x00000204b9c04800 GCTaskThread "GC Thread#0" [stack: 0x00000007e6700000,0x00000007e6800000] [id=13192]
  0x00000204d731e800 GCTaskThread "GC Thread#1" [stack: 0x00000007e7800000,0x00000007e7900000] [id=12740]
  0x00000204b9c0a000 ConcurrentGCThread "G1 Main Marker" [stack: 0x00000007e6800000,0x00000007e6900000] [id=5528]
  0x00000204b9c0c800 ConcurrentGCThread "G1 Conc#0" [stack: 0x00000007e6900000,0x00000007e6a00000] [id=12456]
  0x00000204b9cad800 ConcurrentGCThread "G1 Refine#0" [stack: 0x00000007e6a00000,0x00000007e6b00000] [id=3620]
  0x00000204d715b800 ConcurrentGCThread "G1 Refine#1" [stack: 0x00000007e7900000,0x00000007e7a00000] [id=8488]
  0x00000204d650a800 ConcurrentGCThread "G1 Young RemSet Sampling" [stack: 0x00000007e6b00000,0x00000007e6c00000] [id=5648]

Threads with active compile tasks:
C2 CompilerThread0     3145 2744       4       org.codehaus.groovy.reflection.CachedMethod::compareTo (25 bytes)

VM state:not at safepoint (normal execution)

VM Mutex/Monitor currently owned by a thread: None

Heap address: 0x00000000e0000000, size: 512 MB, Compressed Oops mode: 32-bit
Narrow klass base: 0x0000000800000000, Narrow klass shift: 3
Compressed class space size: 260046848 Address: 0x0000000800b30000

Heap:
 garbage-first heap   total 262144K, used 59559K [0x00000000e0000000, 0x0000000100000000)
  region size 1024K, 42 young (43008K), 3 survivors (3072K)
 Metaspace       used 28402K, capacity 29105K, committed 29232K, reserved 280576K
  class space    used 3853K, capacity 4105K, committed 4224K, reserved 253952K
Heap Regions: E=young(eden), S=young(survivor), O=old, HS=humongous(starts), HC=humongous(continues), CS=collection set, F=free, OA=open archive, CA=closed archive, TAMS=top-at-mark-start (previous, next)
|   0|0x00000000e0000000, 0x00000000e0100000, 0x00000000e0100000|100%| O|  |TAMS 0x00000000e0100000, 0x00000000e0000000| Untracked 
|   1|0x00000000e0100000, 0x00000000e0200000, 0x00000000e0200000|100%| O|  |TAMS 0x00000000e0200000, 0x00000000e0100000| Untracked 
|   2|0x00000000e0200000, 0x00000000e0300000, 0x00000000e0300000|100%| O|  |TAMS 0x00000000e0300000, 0x00000000e0200000| Untracked 
|   3|0x00000000e0300000, 0x00000000e0400000, 0x00000000e0400000|100%|HS|  |TAMS 0x00000000e0400000, 0x00000000e0300000| Complete 
|   4|0x00000000e0400000, 0x00000000e0500000, 0x00000000e0500000|100%|HC|  |TAMS 0x00000000e0500000, 0x00000000e0400000| Complete 
|   5|0x00000000e0500000, 0x00000000e0600000, 0x00000000e0600000|100%|HC|  |TAMS 0x00000000e0600000, 0x00000000e0500000| Complete 
|   6|0x00000000e0600000, 0x00000000e0700000, 0x00000000e0700000|100%| O|  |TAMS 0x00000000e0700000, 0x00000000e0600000| Untracked 
|   7|0x00000000e0700000, 0x00000000e0800000, 0x00000000e0800000|100%| O|  |TAMS 0x00000000e0800000, 0x00000000e0700000| Untracked 
|   8|0x00000000e0800000, 0x00000000e0900000, 0x00000000e0900000|100%| O|  |TAMS 0x00000000e0900000, 0x00000000e0800000| Untracked 
|   9|0x00000000e0900000, 0x00000000e0a00000, 0x00000000e0a00000|100%| O|  |TAMS 0x00000000e0a00000, 0x00000000e0900000| Untracked 
|  10|0x00000000e0a00000, 0x00000000e0b00000, 0x00000000e0b00000|100%| O|  |TAMS 0x00000000e0b00000, 0x00000000e0a00000| Untracked 
|  11|0x00000000e0b00000, 0x00000000e0c00000, 0x00000000e0c00000|100%| O|  |TAMS 0x00000000e0c00000, 0x00000000e0b00000| Untracked 
|  12|0x00000000e0c00000, 0x00000000e0d00000, 0x00000000e0d00000|100%| O|  |TAMS 0x00000000e0d00000, 0x00000000e0c00000| Untracked 
|  13|0x00000000e0d00000, 0x00000000e0e00000, 0x00000000e0e00000|100%| O|  |TAMS 0x00000000e0e00000, 0x00000000e0d00000| Untracked 
|  14|0x00000000e0e00000, 0x00000000e0f00000, 0x00000000e0f00000|100%| O|  |TAMS 0x00000000e0f00000, 0x00000000e0e00000| Untracked 
|  15|0x00000000e0f00000, 0x00000000e0f5f400, 0x00000000e1000000| 37%| O|  |TAMS 0x00000000e0f5f400, 0x00000000e0f00000| Untracked 
|  16|0x00000000e1000000, 0x00000000e1100000, 0x00000000e1100000|100%|HS|  |TAMS 0x00000000e1000000, 0x00000000e1000000| Complete 
|  17|0x00000000e1100000, 0x00000000e1200000, 0x00000000e1200000|100%|HS|  |TAMS 0x00000000e1100000, 0x00000000e1100000| Complete 
|  18|0x00000000e1200000, 0x00000000e1300000, 0x00000000e1300000|100%|HC|  |TAMS 0x00000000e1200000, 0x00000000e1200000| Complete 
|  19|0x00000000e1300000, 0x00000000e1300000, 0x00000000e1400000|  0%| F|  |TAMS 0x00000000e1300000, 0x00000000e1300000| Untracked 
|  20|0x00000000e1400000, 0x00000000e1400000, 0x00000000e1500000|  0%| F|  |TAMS 0x00000000e1400000, 0x00000000e1400000| Untracked 
|  21|0x00000000e1500000, 0x00000000e1500000, 0x00000000e1600000|  0%| F|  |TAMS 0x00000000e1500000, 0x00000000e1500000| Untracked 
|  22|0x00000000e1600000, 0x00000000e1600000, 0x00000000e1700000|  0%| F|  |TAMS 0x00000000e1600000, 0x00000000e1600000| Untracked 
|  23|0x00000000e1700000, 0x00000000e1700000, 0x00000000e1800000|  0%| F|  |TAMS 0x00000000e1700000, 0x00000000e1700000| Untracked 
|  24|0x00000000e1800000, 0x00000000e1800000, 0x00000000e1900000|  0%| F|  |TAMS 0x00000000e1800000, 0x00000000e1800000| Untracked 
|  25|0x00000000e1900000, 0x00000000e1900000, 0x00000000e1a00000|  0%| F|  |TAMS 0x00000000e1900000, 0x00000000e1900000| Untracked 
|  26|0x00000000e1a00000, 0x00000000e1a00000, 0x00000000e1b00000|  0%| F|  |TAMS 0x00000000e1a00000, 0x00000000e1a00000| Untracked 
|  27|0x00000000e1b00000, 0x00000000e1b00000, 0x00000000e1c00000|  0%| F|  |TAMS 0x00000000e1b00000, 0x00000000e1b00000| Untracked 
|  28|0x00000000e1c00000, 0x00000000e1c00000, 0x00000000e1d00000|  0%| F|  |TAMS 0x00000000e1c00000, 0x00000000e1c00000| Untracked 
|  29|0x00000000e1d00000, 0x00000000e1d00000, 0x00000000e1e00000|  0%| F|  |TAMS 0x00000000e1d00000, 0x00000000e1d00000| Untracked 
|  30|0x00000000e1e00000, 0x00000000e1e00000, 0x00000000e1f00000|  0%| F|  |TAMS 0x00000000e1e00000, 0x00000000e1e00000| Untracked 
|  31|0x00000000e1f00000, 0x00000000e1f00000, 0x00000000e2000000|  0%| F|  |TAMS 0x00000000e1f00000, 0x00000000e1f00000| Untracked 
|  32|0x00000000e2000000, 0x00000000e2000000, 0x00000000e2100000|  0%| F|  |TAMS 0x00000000e2000000, 0x00000000e2000000| Untracked 
|  33|0x00000000e2100000, 0x00000000e2100000, 0x00000000e2200000|  0%| F|  |TAMS 0x00000000e2100000, 0x00000000e2100000| Untracked 
|  34|0x00000000e2200000, 0x00000000e2200000, 0x00000000e2300000|  0%| F|  |TAMS 0x00000000e2200000, 0x00000000e2200000| Untracked 
|  35|0x00000000e2300000, 0x00000000e2300000, 0x00000000e2400000|  0%| F|  |TAMS 0x00000000e2300000, 0x00000000e2300000| Untracked 
|  36|0x00000000e2400000, 0x00000000e2400000, 0x00000000e2500000|  0%| F|  |TAMS 0x00000000e2400000, 0x00000000e2400000| Untracked 
|  37|0x00000000e2500000, 0x00000000e2500000, 0x00000000e2600000|  0%| F|  |TAMS 0x00000000e2500000, 0x00000000e2500000| Untracked 
|  38|0x00000000e2600000, 0x00000000e2600000, 0x00000000e2700000|  0%| F|  |TAMS 0x00000000e2600000, 0x00000000e2600000| Untracked 
|  39|0x00000000e2700000, 0x00000000e2700000, 0x00000000e2800000|  0%| F|  |TAMS 0x00000000e2700000, 0x00000000e2700000| Untracked 
|  40|0x00000000e2800000, 0x00000000e2800000, 0x00000000e2900000|  0%| F|  |TAMS 0x00000000e2800000, 0x00000000e2800000| Untracked 
|  41|0x00000000e2900000, 0x00000000e2900000, 0x00000000e2a00000|  0%| F|  |TAMS 0x00000000e2900000, 0x00000000e2900000| Untracked 
|  42|0x00000000e2a00000, 0x00000000e2a00000, 0x00000000e2b00000|  0%| F|  |TAMS 0x00000000e2a00000, 0x00000000e2a00000| Untracked 
|  43|0x00000000e2b00000, 0x00000000e2b00000, 0x00000000e2c00000|  0%| F|  |TAMS 0x00000000e2b00000, 0x00000000e2b00000| Untracked 
|  44|0x00000000e2c00000, 0x00000000e2c00000, 0x00000000e2d00000|  0%| F|  |TAMS 0x00000000e2c00000, 0x00000000e2c00000| Untracked 
|  45|0x00000000e2d00000, 0x00000000e2d00000, 0x00000000e2e00000|  0%| F|  |TAMS 0x00000000e2d00000, 0x00000000e2d00000| Untracked 
|  46|0x00000000e2e00000, 0x00000000e2e00000, 0x00000000e2f00000|  0%| F|  |TAMS 0x00000000e2e00000, 0x00000000e2e00000| Untracked 
|  47|0x00000000e2f00000, 0x00000000e2f00000, 0x00000000e3000000|  0%| F|  |TAMS 0x00000000e2f00000, 0x00000000e2f00000| Untracked 
|  48|0x00000000e3000000, 0x00000000e3000000, 0x00000000e3100000|  0%| F|  |TAMS 0x00000000e3000000, 0x00000000e3000000| Untracked 
|  49|0x00000000e3100000, 0x00000000e3100000, 0x00000000e3200000|  0%| F|  |TAMS 0x00000000e3100000, 0x00000000e3100000| Untracked 
|  50|0x00000000e3200000, 0x00000000e3200000, 0x00000000e3300000|  0%| F|  |TAMS 0x00000000e3200000, 0x00000000e3200000| Untracked 
|  51|0x00000000e3300000, 0x00000000e3300000, 0x00000000e3400000|  0%| F|  |TAMS 0x00000000e3300000, 0x00000000e3300000| Untracked 
|  52|0x00000000e3400000, 0x00000000e3400000, 0x00000000e3500000|  0%| F|  |TAMS 0x00000000e3400000, 0x00000000e3400000| Untracked 
|  53|0x00000000e3500000, 0x00000000e3500000, 0x00000000e3600000|  0%| F|  |TAMS 0x00000000e3500000, 0x00000000e3500000| Untracked 
|  54|0x00000000e3600000, 0x00000000e3600000, 0x00000000e3700000|  0%| F|  |TAMS 0x00000000e3600000, 0x00000000e3600000| Untracked 
|  55|0x00000000e3700000, 0x00000000e3700000, 0x00000000e3800000|  0%| F|  |TAMS 0x00000000e3700000, 0x00000000e3700000| Untracked 
|  56|0x00000000e3800000, 0x00000000e3800000, 0x00000000e3900000|  0%| F|  |TAMS 0x00000000e3800000, 0x00000000e3800000| Untracked 
|  57|0x00000000e3900000, 0x00000000e3900000, 0x00000000e3a00000|  0%| F|  |TAMS 0x00000000e3900000, 0x00000000e3900000| Untracked 
|  58|0x00000000e3a00000, 0x00000000e3a00000, 0x00000000e3b00000|  0%| F|  |TAMS 0x00000000e3a00000, 0x00000000e3a00000| Untracked 
|  59|0x00000000e3b00000, 0x00000000e3b00000, 0x00000000e3c00000|  0%| F|  |TAMS 0x00000000e3b00000, 0x00000000e3b00000| Untracked 
|  60|0x00000000e3c00000, 0x00000000e3c00000, 0x00000000e3d00000|  0%| F|  |TAMS 0x00000000e3c00000, 0x00000000e3c00000| Untracked 
|  61|0x00000000e3d00000, 0x00000000e3d00000, 0x00000000e3e00000|  0%| F|  |TAMS 0x00000000e3d00000, 0x00000000e3d00000| Untracked 
|  62|0x00000000e3e00000, 0x00000000e3e00000, 0x00000000e3f00000|  0%| F|  |TAMS 0x00000000e3e00000, 0x00000000e3e00000| Untracked 
|  63|0x00000000e3f00000, 0x00000000e3f00000, 0x00000000e4000000|  0%| F|  |TAMS 0x00000000e3f00000, 0x00000000e3f00000| Untracked 
|  64|0x00000000e4000000, 0x00000000e4000000, 0x00000000e4100000|  0%| F|  |TAMS 0x00000000e4000000, 0x00000000e4000000| Untracked 
|  65|0x00000000e4100000, 0x00000000e4100000, 0x00000000e4200000|  0%| F|  |TAMS 0x00000000e4100000, 0x00000000e4100000| Untracked 
|  66|0x00000000e4200000, 0x00000000e4200000, 0x00000000e4300000|  0%| F|  |TAMS 0x00000000e4200000, 0x00000000e4200000| Untracked 
|  67|0x00000000e4300000, 0x00000000e4300000, 0x00000000e4400000|  0%| F|  |TAMS 0x00000000e4300000, 0x00000000e4300000| Untracked 
|  68|0x00000000e4400000, 0x00000000e4400000, 0x00000000e4500000|  0%| F|  |TAMS 0x00000000e4400000, 0x00000000e4400000| Untracked 
|  69|0x00000000e4500000, 0x00000000e4500000, 0x00000000e4600000|  0%| F|  |TAMS 0x00000000e4500000, 0x00000000e4500000| Untracked 
|  70|0x00000000e4600000, 0x00000000e4600000, 0x00000000e4700000|  0%| F|  |TAMS 0x00000000e4600000, 0x00000000e4600000| Untracked 
|  71|0x00000000e4700000, 0x00000000e4700000, 0x00000000e4800000|  0%| F|  |TAMS 0x00000000e4700000, 0x00000000e4700000| Untracked 
|  72|0x00000000e4800000, 0x00000000e4800000, 0x00000000e4900000|  0%| F|  |TAMS 0x00000000e4800000, 0x00000000e4800000| Untracked 
|  73|0x00000000e4900000, 0x00000000e4900000, 0x00000000e4a00000|  0%| F|  |TAMS 0x00000000e4900000, 0x00000000e4900000| Untracked 
|  74|0x00000000e4a00000, 0x00000000e4a00000, 0x00000000e4b00000|  0%| F|  |TAMS 0x00000000e4a00000, 0x00000000e4a00000| Untracked 
|  75|0x00000000e4b00000, 0x00000000e4b00000, 0x00000000e4c00000|  0%| F|  |TAMS 0x00000000e4b00000, 0x00000000e4b00000| Untracked 
|  76|0x00000000e4c00000, 0x00000000e4c00000, 0x00000000e4d00000|  0%| F|  |TAMS 0x00000000e4c00000, 0x00000000e4c00000| Untracked 
|  77|0x00000000e4d00000, 0x00000000e4d00000, 0x00000000e4e00000|  0%| F|  |TAMS 0x00000000e4d00000, 0x00000000e4d00000| Untracked 
|  78|0x00000000e4e00000, 0x00000000e4e00000, 0x00000000e4f00000|  0%| F|  |TAMS 0x00000000e4e00000, 0x00000000e4e00000| Untracked 
|  79|0x00000000e4f00000, 0x00000000e4f00000, 0x00000000e5000000|  0%| F|  |TAMS 0x00000000e4f00000, 0x00000000e4f00000| Untracked 
|  80|0x00000000e5000000, 0x00000000e5000000, 0x00000000e5100000|  0%| F|  |TAMS 0x00000000e5000000, 0x00000000e5000000| Untracked 
|  81|0x00000000e5100000, 0x00000000e5100000, 0x00000000e5200000|  0%| F|  |TAMS 0x00000000e5100000, 0x00000000e5100000| Untracked 
|  82|0x00000000e5200000, 0x00000000e5200000, 0x00000000e5300000|  0%| F|  |TAMS 0x00000000e5200000, 0x00000000e5200000| Untracked 
|  83|0x00000000e5300000, 0x00000000e5300000, 0x00000000e5400000|  0%| F|  |TAMS 0x00000000e5300000, 0x00000000e5300000| Untracked 
|  84|0x00000000e5400000, 0x00000000e5400000, 0x00000000e5500000|  0%| F|  |TAMS 0x00000000e5400000, 0x00000000e5400000| Untracked 
|  85|0x00000000e5500000, 0x00000000e5500000, 0x00000000e5600000|  0%| F|  |TAMS 0x00000000e5500000, 0x00000000e5500000| Untracked 
|  86|0x00000000e5600000, 0x00000000e5600000, 0x00000000e5700000|  0%| F|  |TAMS 0x00000000e5600000, 0x00000000e5600000| Untracked 
|  87|0x00000000e5700000, 0x00000000e5700000, 0x00000000e5800000|  0%| F|  |TAMS 0x00000000e5700000, 0x00000000e5700000| Untracked 
|  88|0x00000000e5800000, 0x00000000e5800000, 0x00000000e5900000|  0%| F|  |TAMS 0x00000000e5800000, 0x00000000e5800000| Untracked 
|  89|0x00000000e5900000, 0x00000000e5900000, 0x00000000e5a00000|  0%| F|  |TAMS 0x00000000e5900000, 0x00000000e5900000| Untracked 
|  90|0x00000000e5a00000, 0x00000000e5a00000, 0x00000000e5b00000|  0%| F|  |TAMS 0x00000000e5a00000, 0x00000000e5a00000| Untracked 
|  91|0x00000000e5b00000, 0x00000000e5b00000, 0x00000000e5c00000|  0%| F|  |TAMS 0x00000000e5b00000, 0x00000000e5b00000| Untracked 
|  92|0x00000000e5c00000, 0x00000000e5c00000, 0x00000000e5d00000|  0%| F|  |TAMS 0x00000000e5c00000, 0x00000000e5c00000| Untracked 
|  93|0x00000000e5d00000, 0x00000000e5d00000, 0x00000000e5e00000|  0%| F|  |TAMS 0x00000000e5d00000, 0x00000000e5d00000| Untracked 
|  94|0x00000000e5e00000, 0x00000000e5e00000, 0x00000000e5f00000|  0%| F|  |TAMS 0x00000000e5e00000, 0x00000000e5e00000| Untracked 
|  95|0x00000000e5f00000, 0x00000000e5f00000, 0x00000000e6000000|  0%| F|  |TAMS 0x00000000e5f00000, 0x00000000e5f00000| Untracked 
|  96|0x00000000e6000000, 0x00000000e6000000, 0x00000000e6100000|  0%| F|  |TAMS 0x00000000e6000000, 0x00000000e6000000| Untracked 
|  97|0x00000000e6100000, 0x00000000e6100000, 0x00000000e6200000|  0%| F|  |TAMS 0x00000000e6100000, 0x00000000e6100000| Untracked 
|  98|0x00000000e6200000, 0x00000000e6200000, 0x00000000e6300000|  0%| F|  |TAMS 0x00000000e6200000, 0x00000000e6200000| Untracked 
|  99|0x00000000e6300000, 0x00000000e6300000, 0x00000000e6400000|  0%| F|  |TAMS 0x00000000e6300000, 0x00000000e6300000| Untracked 
| 100|0x00000000e6400000, 0x00000000e6400000, 0x00000000e6500000|  0%| F|  |TAMS 0x00000000e6400000, 0x00000000e6400000| Untracked 
| 101|0x00000000e6500000, 0x00000000e6500000, 0x00000000e6600000|  0%| F|  |TAMS 0x00000000e6500000, 0x00000000e6500000| Untracked 
| 102|0x00000000e6600000, 0x00000000e6600000, 0x00000000e6700000|  0%| F|  |TAMS 0x00000000e6600000, 0x00000000e6600000| Untracked 
| 103|0x00000000e6700000, 0x00000000e6700000, 0x00000000e6800000|  0%| F|  |TAMS 0x00000000e6700000, 0x00000000e6700000| Untracked 
| 104|0x00000000e6800000, 0x00000000e6800000, 0x00000000e6900000|  0%| F|  |TAMS 0x00000000e6800000, 0x00000000e6800000| Untracked 
| 105|0x00000000e6900000, 0x00000000e6900000, 0x00000000e6a00000|  0%| F|  |TAMS 0x00000000e6900000, 0x00000000e6900000| Untracked 
| 106|0x00000000e6a00000, 0x00000000e6a00000, 0x00000000e6b00000|  0%| F|  |TAMS 0x00000000e6a00000, 0x00000000e6a00000| Untracked 
| 107|0x00000000e6b00000, 0x00000000e6b00000, 0x00000000e6c00000|  0%| F|  |TAMS 0x00000000e6b00000, 0x00000000e6b00000| Untracked 
| 108|0x00000000e6c00000, 0x00000000e6c00000, 0x00000000e6d00000|  0%| F|  |TAMS 0x00000000e6c00000, 0x00000000e6c00000| Untracked 
| 109|0x00000000e6d00000, 0x00000000e6d00000, 0x00000000e6e00000|  0%| F|  |TAMS 0x00000000e6d00000, 0x00000000e6d00000| Untracked 
| 110|0x00000000e6e00000, 0x00000000e6e00000, 0x00000000e6f00000|  0%| F|  |TAMS 0x00000000e6e00000, 0x00000000e6e00000| Untracked 
| 111|0x00000000e6f00000, 0x00000000e6f00000, 0x00000000e7000000|  0%| F|  |TAMS 0x00000000e6f00000, 0x00000000e6f00000| Untracked 
| 112|0x00000000e7000000, 0x00000000e7000000, 0x00000000e7100000|  0%| F|  |TAMS 0x00000000e7000000, 0x00000000e7000000| Untracked 
| 113|0x00000000e7100000, 0x00000000e7100000, 0x00000000e7200000|  0%| F|  |TAMS 0x00000000e7100000, 0x00000000e7100000| Untracked 
| 114|0x00000000e7200000, 0x00000000e7200000, 0x00000000e7300000|  0%| F|  |TAMS 0x00000000e7200000, 0x00000000e7200000| Untracked 
| 115|0x00000000e7300000, 0x00000000e7300000, 0x00000000e7400000|  0%| F|  |TAMS 0x00000000e7300000, 0x00000000e7300000| Untracked 
| 116|0x00000000e7400000, 0x00000000e7400000, 0x00000000e7500000|  0%| F|  |TAMS 0x00000000e7400000, 0x00000000e7400000| Untracked 
| 117|0x00000000e7500000, 0x00000000e7500000, 0x00000000e7600000|  0%| F|  |TAMS 0x00000000e7500000, 0x00000000e7500000| Untracked 
| 118|0x00000000e7600000, 0x00000000e7600000, 0x00000000e7700000|  0%| F|  |TAMS 0x00000000e7600000, 0x00000000e7600000| Untracked 
| 119|0x00000000e7700000, 0x00000000e7700000, 0x00000000e7800000|  0%| F|  |TAMS 0x00000000e7700000, 0x00000000e7700000| Untracked 
| 120|0x00000000e7800000, 0x00000000e7800000, 0x00000000e7900000|  0%| F|  |TAMS 0x00000000e7800000, 0x00000000e7800000| Untracked 
| 121|0x00000000e7900000, 0x00000000e7900000, 0x00000000e7a00000|  0%| F|  |TAMS 0x00000000e7900000, 0x00000000e7900000| Untracked 
| 122|0x00000000e7a00000, 0x00000000e7a00000, 0x00000000e7b00000|  0%| F|  |TAMS 0x00000000e7a00000, 0x00000000e7a00000| Untracked 
| 123|0x00000000e7b00000, 0x00000000e7b00000, 0x00000000e7c00000|  0%| F|  |TAMS 0x00000000e7b00000, 0x00000000e7b00000| Untracked 
| 124|0x00000000e7c00000, 0x00000000e7c00000, 0x00000000e7d00000|  0%| F|  |TAMS 0x00000000e7c00000, 0x00000000e7c00000| Untracked 
| 125|0x00000000e7d00000, 0x00000000e7d00000, 0x00000000e7e00000|  0%| F|  |TAMS 0x00000000e7d00000, 0x00000000e7d00000| Untracked 
| 126|0x00000000e7e00000, 0x00000000e7e00000, 0x00000000e7f00000|  0%| F|  |TAMS 0x00000000e7e00000, 0x00000000e7e00000| Untracked 
| 127|0x00000000e7f00000, 0x00000000e7f00000, 0x00000000e8000000|  0%| F|  |TAMS 0x00000000e7f00000, 0x00000000e7f00000| Untracked 
| 128|0x00000000e8000000, 0x00000000e8000000, 0x00000000e8100000|  0%| F|  |TAMS 0x00000000e8000000, 0x00000000e8000000| Untracked 
| 129|0x00000000e8100000, 0x00000000e8100000, 0x00000000e8200000|  0%| F|  |TAMS 0x00000000e8100000, 0x00000000e8100000| Untracked 
| 130|0x00000000e8200000, 0x00000000e8200000, 0x00000000e8300000|  0%| F|  |TAMS 0x00000000e8200000, 0x00000000e8200000| Untracked 
| 131|0x00000000e8300000, 0x00000000e8300000, 0x00000000e8400000|  0%| F|  |TAMS 0x00000000e8300000, 0x00000000e8300000| Untracked 
| 132|0x00000000e8400000, 0x00000000e8400000, 0x00000000e8500000|  0%| F|  |TAMS 0x00000000e8400000, 0x00000000e8400000| Untracked 
| 133|0x00000000e8500000, 0x00000000e8500000, 0x00000000e8600000|  0%| F|  |TAMS 0x00000000e8500000, 0x00000000e8500000| Untracked 
| 134|0x00000000e8600000, 0x00000000e8600000, 0x00000000e8700000|  0%| F|  |TAMS 0x00000000e8600000, 0x00000000e8600000| Untracked 
| 135|0x00000000e8700000, 0x00000000e8700000, 0x00000000e8800000|  0%| F|  |TAMS 0x00000000e8700000, 0x00000000e8700000| Untracked 
| 136|0x00000000e8800000, 0x00000000e8800000, 0x00000000e8900000|  0%| F|  |TAMS 0x00000000e8800000, 0x00000000e8800000| Untracked 
| 137|0x00000000e8900000, 0x00000000e8900000, 0x00000000e8a00000|  0%| F|  |TAMS 0x00000000e8900000, 0x00000000e8900000| Untracked 
| 138|0x00000000e8a00000, 0x00000000e8a00000, 0x00000000e8b00000|  0%| F|  |TAMS 0x00000000e8a00000, 0x00000000e8a00000| Untracked 
| 139|0x00000000e8b00000, 0x00000000e8b00000, 0x00000000e8c00000|  0%| F|  |TAMS 0x00000000e8b00000, 0x00000000e8b00000| Untracked 
| 140|0x00000000e8c00000, 0x00000000e8c00000, 0x00000000e8d00000|  0%| F|  |TAMS 0x00000000e8c00000, 0x00000000e8c00000| Untracked 
| 141|0x00000000e8d00000, 0x00000000e8d00000, 0x00000000e8e00000|  0%| F|  |TAMS 0x00000000e8d00000, 0x00000000e8d00000| Untracked 
| 142|0x00000000e8e00000, 0x00000000e8e00000, 0x00000000e8f00000|  0%| F|  |TAMS 0x00000000e8e00000, 0x00000000e8e00000| Untracked 
| 143|0x00000000e8f00000, 0x00000000e8f00000, 0x00000000e9000000|  0%| F|  |TAMS 0x00000000e8f00000, 0x00000000e8f00000| Untracked 
| 144|0x00000000e9000000, 0x00000000e9000000, 0x00000000e9100000|  0%| F|  |TAMS 0x00000000e9000000, 0x00000000e9000000| Untracked 
| 145|0x00000000e9100000, 0x00000000e9100000, 0x00000000e9200000|  0%| F|  |TAMS 0x00000000e9100000, 0x00000000e9100000| Untracked 
| 146|0x00000000e9200000, 0x00000000e9200000, 0x00000000e9300000|  0%| F|  |TAMS 0x00000000e9200000, 0x00000000e9200000| Untracked 
| 147|0x00000000e9300000, 0x00000000e9300000, 0x00000000e9400000|  0%| F|  |TAMS 0x00000000e9300000, 0x00000000e9300000| Untracked 
| 148|0x00000000e9400000, 0x00000000e9400000, 0x00000000e9500000|  0%| F|  |TAMS 0x00000000e9400000, 0x00000000e9400000| Untracked 
| 149|0x00000000e9500000, 0x00000000e9500000, 0x00000000e9600000|  0%| F|  |TAMS 0x00000000e9500000, 0x00000000e9500000| Untracked 
| 150|0x00000000e9600000, 0x00000000e9600000, 0x00000000e9700000|  0%| F|  |TAMS 0x00000000e9600000, 0x00000000e9600000| Untracked 
| 151|0x00000000e9700000, 0x00000000e9700000, 0x00000000e9800000|  0%| F|  |TAMS 0x00000000e9700000, 0x00000000e9700000| Untracked 
| 152|0x00000000e9800000, 0x00000000e9800000, 0x00000000e9900000|  0%| F|  |TAMS 0x00000000e9800000, 0x00000000e9800000| Untracked 
| 153|0x00000000e9900000, 0x00000000e9900000, 0x00000000e9a00000|  0%| F|  |TAMS 0x00000000e9900000, 0x00000000e9900000| Untracked 
| 154|0x00000000e9a00000, 0x00000000e9a00000, 0x00000000e9b00000|  0%| F|  |TAMS 0x00000000e9a00000, 0x00000000e9a00000| Untracked 
| 155|0x00000000e9b00000, 0x00000000e9b00000, 0x00000000e9c00000|  0%| F|  |TAMS 0x00000000e9b00000, 0x00000000e9b00000| Untracked 
| 156|0x00000000e9c00000, 0x00000000e9c00000, 0x00000000e9d00000|  0%| F|  |TAMS 0x00000000e9c00000, 0x00000000e9c00000| Untracked 
| 157|0x00000000e9d00000, 0x00000000e9d00000, 0x00000000e9e00000|  0%| F|  |TAMS 0x00000000e9d00000, 0x00000000e9d00000| Untracked 
| 158|0x00000000e9e00000, 0x00000000e9e00000, 0x00000000e9f00000|  0%| F|  |TAMS 0x00000000e9e00000, 0x00000000e9e00000| Untracked 
| 159|0x00000000e9f00000, 0x00000000e9f00000, 0x00000000ea000000|  0%| F|  |TAMS 0x00000000e9f00000, 0x00000000e9f00000| Untracked 
| 160|0x00000000ea000000, 0x00000000ea000000, 0x00000000ea100000|  0%| F|  |TAMS 0x00000000ea000000, 0x00000000ea000000| Untracked 
| 161|0x00000000ea100000, 0x00000000ea100000, 0x00000000ea200000|  0%| F|  |TAMS 0x00000000ea100000, 0x00000000ea100000| Untracked 
| 162|0x00000000ea200000, 0x00000000ea200000, 0x00000000ea300000|  0%| F|  |TAMS 0x00000000ea200000, 0x00000000ea200000| Untracked 
| 163|0x00000000ea300000, 0x00000000ea300000, 0x00000000ea400000|  0%| F|  |TAMS 0x00000000ea300000, 0x00000000ea300000| Untracked 
| 164|0x00000000ea400000, 0x00000000ea400000, 0x00000000ea500000|  0%| F|  |TAMS 0x00000000ea400000, 0x00000000ea400000| Untracked 
| 165|0x00000000ea500000, 0x00000000ea500000, 0x00000000ea600000|  0%| F|  |TAMS 0x00000000ea500000, 0x00000000ea500000| Untracked 
| 166|0x00000000ea600000, 0x00000000ea600000, 0x00000000ea700000|  0%| F|  |TAMS 0x00000000ea600000, 0x00000000ea600000| Untracked 
| 167|0x00000000ea700000, 0x00000000ea700000, 0x00000000ea800000|  0%| F|  |TAMS 0x00000000ea700000, 0x00000000ea700000| Untracked 
| 168|0x00000000ea800000, 0x00000000ea800000, 0x00000000ea900000|  0%| F|  |TAMS 0x00000000ea800000, 0x00000000ea800000| Untracked 
| 169|0x00000000ea900000, 0x00000000ea900000, 0x00000000eaa00000|  0%| F|  |TAMS 0x00000000ea900000, 0x00000000ea900000| Untracked 
| 170|0x00000000eaa00000, 0x00000000eaa00000, 0x00000000eab00000|  0%| F|  |TAMS 0x00000000eaa00000, 0x00000000eaa00000| Untracked 
| 171|0x00000000eab00000, 0x00000000eab00000, 0x00000000eac00000|  0%| F|  |TAMS 0x00000000eab00000, 0x00000000eab00000| Untracked 
| 172|0x00000000eac00000, 0x00000000eac00000, 0x00000000ead00000|  0%| F|  |TAMS 0x00000000eac00000, 0x00000000eac00000| Untracked 
| 173|0x00000000ead00000, 0x00000000ead00000, 0x00000000eae00000|  0%| F|  |TAMS 0x00000000ead00000, 0x00000000ead00000| Untracked 
| 174|0x00000000eae00000, 0x00000000eae00000, 0x00000000eaf00000|  0%| F|  |TAMS 0x00000000eae00000, 0x00000000eae00000| Untracked 
| 175|0x00000000eaf00000, 0x00000000eaf00000, 0x00000000eb000000|  0%| F|  |TAMS 0x00000000eaf00000, 0x00000000eaf00000| Untracked 
| 176|0x00000000eb000000, 0x00000000eb000000, 0x00000000eb100000|  0%| F|  |TAMS 0x00000000eb000000, 0x00000000eb000000| Untracked 
| 177|0x00000000eb100000, 0x00000000eb100000, 0x00000000eb200000|  0%| F|  |TAMS 0x00000000eb100000, 0x00000000eb100000| Untracked 
| 178|0x00000000eb200000, 0x00000000eb200000, 0x00000000eb300000|  0%| F|  |TAMS 0x00000000eb200000, 0x00000000eb200000| Untracked 
| 179|0x00000000eb300000, 0x00000000eb300000, 0x00000000eb400000|  0%| F|  |TAMS 0x00000000eb300000, 0x00000000eb300000| Untracked 
| 180|0x00000000eb400000, 0x00000000eb400000, 0x00000000eb500000|  0%| F|  |TAMS 0x00000000eb400000, 0x00000000eb400000| Untracked 
| 181|0x00000000eb500000, 0x00000000eb500000, 0x00000000eb600000|  0%| F|  |TAMS 0x00000000eb500000, 0x00000000eb500000| Untracked 
| 182|0x00000000eb600000, 0x00000000eb600000, 0x00000000eb700000|  0%| F|  |TAMS 0x00000000eb600000, 0x00000000eb600000| Untracked 
| 183|0x00000000eb700000, 0x00000000eb700000, 0x00000000eb800000|  0%| F|  |TAMS 0x00000000eb700000, 0x00000000eb700000| Untracked 
| 184|0x00000000eb800000, 0x00000000eb800000, 0x00000000eb900000|  0%| F|  |TAMS 0x00000000eb800000, 0x00000000eb800000| Untracked 
| 185|0x00000000eb900000, 0x00000000eb900000, 0x00000000eba00000|  0%| F|  |TAMS 0x00000000eb900000, 0x00000000eb900000| Untracked 
| 186|0x00000000eba00000, 0x00000000eba00000, 0x00000000ebb00000|  0%| F|  |TAMS 0x00000000eba00000, 0x00000000eba00000| Untracked 
| 187|0x00000000ebb00000, 0x00000000ebb00000, 0x00000000ebc00000|  0%| F|  |TAMS 0x00000000ebb00000, 0x00000000ebb00000| Untracked 
| 188|0x00000000ebc00000, 0x00000000ebc00000, 0x00000000ebd00000|  0%| F|  |TAMS 0x00000000ebc00000, 0x00000000ebc00000| Untracked 
| 189|0x00000000ebd00000, 0x00000000ebd00000, 0x00000000ebe00000|  0%| F|  |TAMS 0x00000000ebd00000, 0x00000000ebd00000| Untracked 
| 190|0x00000000ebe00000, 0x00000000ebe00000, 0x00000000ebf00000|  0%| F|  |TAMS 0x00000000ebe00000, 0x00000000ebe00000| Untracked 
| 191|0x00000000ebf00000, 0x00000000ebf00000, 0x00000000ec000000|  0%| F|  |TAMS 0x00000000ebf00000, 0x00000000ebf00000| Untracked 
| 192|0x00000000ec000000, 0x00000000ec000000, 0x00000000ec100000|  0%| F|  |TAMS 0x00000000ec000000, 0x00000000ec000000| Untracked 
| 193|0x00000000ec100000, 0x00000000ec100000, 0x00000000ec200000|  0%| F|  |TAMS 0x00000000ec100000, 0x00000000ec100000| Untracked 
| 194|0x00000000ec200000, 0x00000000ec200000, 0x00000000ec300000|  0%| F|  |TAMS 0x00000000ec200000, 0x00000000ec200000| Untracked 
| 195|0x00000000ec300000, 0x00000000ec300000, 0x00000000ec400000|  0%| F|  |TAMS 0x00000000ec300000, 0x00000000ec300000| Untracked 
| 196|0x00000000ec400000, 0x00000000ec400000, 0x00000000ec500000|  0%| F|  |TAMS 0x00000000ec400000, 0x00000000ec400000| Untracked 
| 197|0x00000000ec500000, 0x00000000ec500000, 0x00000000ec600000|  0%| F|  |TAMS 0x00000000ec500000, 0x00000000ec500000| Untracked 
| 198|0x00000000ec600000, 0x00000000ec600000, 0x00000000ec700000|  0%| F|  |TAMS 0x00000000ec600000, 0x00000000ec600000| Untracked 
| 199|0x00000000ec700000, 0x00000000ec700000, 0x00000000ec800000|  0%| F|  |TAMS 0x00000000ec700000, 0x00000000ec700000| Untracked 
| 200|0x00000000ec800000, 0x00000000ec800000, 0x00000000ec900000|  0%| F|  |TAMS 0x00000000ec800000, 0x00000000ec800000| Untracked 
| 201|0x00000000ec900000, 0x00000000ec900000, 0x00000000eca00000|  0%| F|  |TAMS 0x00000000ec900000, 0x00000000ec900000| Untracked 
| 202|0x00000000eca00000, 0x00000000eca00000, 0x00000000ecb00000|  0%| F|  |TAMS 0x00000000eca00000, 0x00000000eca00000| Untracked 
| 203|0x00000000ecb00000, 0x00000000ecb00000, 0x00000000ecc00000|  0%| F|  |TAMS 0x00000000ecb00000, 0x00000000ecb00000| Untracked 
| 204|0x00000000ecc00000, 0x00000000ecc00000, 0x00000000ecd00000|  0%| F|  |TAMS 0x00000000ecc00000, 0x00000000ecc00000| Untracked 
| 205|0x00000000ecd00000, 0x00000000ecd00000, 0x00000000ece00000|  0%| F|  |TAMS 0x00000000ecd00000, 0x00000000ecd00000| Untracked 
| 206|0x00000000ece00000, 0x00000000ece00000, 0x00000000ecf00000|  0%| F|  |TAMS 0x00000000ece00000, 0x00000000ece00000| Untracked 
| 207|0x00000000ecf00000, 0x00000000ecf00000, 0x00000000ed000000|  0%| F|  |TAMS 0x00000000ecf00000, 0x00000000ecf00000| Untracked 
| 208|0x00000000ed000000, 0x00000000ed000000, 0x00000000ed100000|  0%| F|  |TAMS 0x00000000ed000000, 0x00000000ed000000| Untracked 
| 209|0x00000000ed100000, 0x00000000ed100000, 0x00000000ed200000|  0%| F|  |TAMS 0x00000000ed100000, 0x00000000ed100000| Untracked 
| 210|0x00000000ed200000, 0x00000000ed200000, 0x00000000ed300000|  0%| F|  |TAMS 0x00000000ed200000, 0x00000000ed200000| Untracked 
| 211|0x00000000ed300000, 0x00000000ed300000, 0x00000000ed400000|  0%| F|  |TAMS 0x00000000ed300000, 0x00000000ed300000| Untracked 
| 212|0x00000000ed400000, 0x00000000ed400000, 0x00000000ed500000|  0%| F|  |TAMS 0x00000000ed400000, 0x00000000ed400000| Untracked 
| 213|0x00000000ed500000, 0x00000000ed580800, 0x00000000ed600000| 50%| E|  |TAMS 0x00000000ed500000, 0x00000000ed500000| Complete 
| 214|0x00000000ed600000, 0x00000000ed700000, 0x00000000ed700000|100%| E|CS|TAMS 0x00000000ed600000, 0x00000000ed600000| Complete 
| 215|0x00000000ed700000, 0x00000000ed800000, 0x00000000ed800000|100%| E|  |TAMS 0x00000000ed700000, 0x00000000ed700000| Complete 
| 216|0x00000000ed800000, 0x00000000ed900000, 0x00000000ed900000|100%| E|CS|TAMS 0x00000000ed800000, 0x00000000ed800000| Complete 
| 217|0x00000000ed900000, 0x00000000eda00000, 0x00000000eda00000|100%| E|CS|TAMS 0x00000000ed900000, 0x00000000ed900000| Complete 
| 218|0x00000000eda00000, 0x00000000edb00000, 0x00000000edb00000|100%| E|CS|TAMS 0x00000000eda00000, 0x00000000eda00000| Complete 
| 219|0x00000000edb00000, 0x00000000edc00000, 0x00000000edc00000|100%| E|CS|TAMS 0x00000000edb00000, 0x00000000edb00000| Complete 
| 220|0x00000000edc00000, 0x00000000edd00000, 0x00000000edd00000|100%| E|CS|TAMS 0x00000000edc00000, 0x00000000edc00000| Complete 
| 221|0x00000000edd00000, 0x00000000ede00000, 0x00000000ede00000|100%| E|CS|TAMS 0x00000000edd00000, 0x00000000edd00000| Complete 
| 222|0x00000000ede00000, 0x00000000edf00000, 0x00000000edf00000|100%| E|CS|TAMS 0x00000000ede00000, 0x00000000ede00000| Complete 
| 223|0x00000000edf00000, 0x00000000ee000000, 0x00000000ee000000|100%| E|CS|TAMS 0x00000000edf00000, 0x00000000edf00000| Complete 
| 224|0x00000000ee000000, 0x00000000ee100000, 0x00000000ee100000|100%| E|CS|TAMS 0x00000000ee000000, 0x00000000ee000000| Complete 
| 225|0x00000000ee100000, 0x00000000ee200000, 0x00000000ee200000|100%| E|CS|TAMS 0x00000000ee100000, 0x00000000ee100000| Complete 
| 226|0x00000000ee200000, 0x00000000ee300000, 0x00000000ee300000|100%| E|CS|TAMS 0x00000000ee200000, 0x00000000ee200000| Complete 
| 227|0x00000000ee300000, 0x00000000ee400000, 0x00000000ee400000|100%| E|CS|TAMS 0x00000000ee300000, 0x00000000ee300000| Complete 
| 228|0x00000000ee400000, 0x00000000ee500000, 0x00000000ee500000|100%| E|CS|TAMS 0x00000000ee400000, 0x00000000ee400000| Complete 
| 229|0x00000000ee500000, 0x00000000ee600000, 0x00000000ee600000|100%| E|CS|TAMS 0x00000000ee500000, 0x00000000ee500000| Complete 
| 230|0x00000000ee600000, 0x00000000ee700000, 0x00000000ee700000|100%| E|CS|TAMS 0x00000000ee600000, 0x00000000ee600000| Complete 
| 231|0x00000000ee700000, 0x00000000ee800000, 0x00000000ee800000|100%| E|CS|TAMS 0x00000000ee700000, 0x00000000ee700000| Complete 
| 232|0x00000000ee800000, 0x00000000ee900000, 0x00000000ee900000|100%| E|CS|TAMS 0x00000000ee800000, 0x00000000ee800000| Complete 
| 233|0x00000000ee900000, 0x00000000eea00000, 0x00000000eea00000|100%| E|CS|TAMS 0x00000000ee900000, 0x00000000ee900000| Complete 
| 234|0x00000000eea00000, 0x00000000eeb00000, 0x00000000eeb00000|100%| E|CS|TAMS 0x00000000eea00000, 0x00000000eea00000| Complete 
| 235|0x00000000eeb00000, 0x00000000eec00000, 0x00000000eec00000|100%| E|CS|TAMS 0x00000000eeb00000, 0x00000000eeb00000| Complete 
| 236|0x00000000eec00000, 0x00000000eed00000, 0x00000000eed00000|100%| E|CS|TAMS 0x00000000eec00000, 0x00000000eec00000| Complete 
| 237|0x00000000eed00000, 0x00000000eee00000, 0x00000000eee00000|100%| E|CS|TAMS 0x00000000eed00000, 0x00000000eed00000| Complete 
| 238|0x00000000eee00000, 0x00000000eef00000, 0x00000000eef00000|100%| E|CS|TAMS 0x00000000eee00000, 0x00000000eee00000| Complete 
| 239|0x00000000eef00000, 0x00000000eefca860, 0x00000000ef000000| 79%| S|CS|TAMS 0x00000000eef00000, 0x00000000eef00000| Complete 
| 240|0x00000000ef000000, 0x00000000ef100000, 0x00000000ef100000|100%| S|CS|TAMS 0x00000000ef000000, 0x00000000ef000000| Complete 
| 241|0x00000000ef100000, 0x00000000ef200000, 0x00000000ef200000|100%| S|CS|TAMS 0x00000000ef100000, 0x00000000ef100000| Complete 
| 242|0x00000000ef200000, 0x00000000ef300000, 0x00000000ef300000|100%| E|CS|TAMS 0x00000000ef200000, 0x00000000ef200000| Complete 
| 243|0x00000000ef300000, 0x00000000ef400000, 0x00000000ef400000|100%| E|CS|TAMS 0x00000000ef300000, 0x00000000ef300000| Complete 
| 244|0x00000000ef400000, 0x00000000ef500000, 0x00000000ef500000|100%| E|CS|TAMS 0x00000000ef400000, 0x00000000ef400000| Complete 
| 245|0x00000000ef500000, 0x00000000ef600000, 0x00000000ef600000|100%| E|CS|TAMS 0x00000000ef500000, 0x00000000ef500000| Complete 
| 246|0x00000000ef600000, 0x00000000ef700000, 0x00000000ef700000|100%| E|CS|TAMS 0x00000000ef600000, 0x00000000ef600000| Complete 
| 247|0x00000000ef700000, 0x00000000ef800000, 0x00000000ef800000|100%| E|CS|TAMS 0x00000000ef700000, 0x00000000ef700000| Complete 
| 248|0x00000000ef800000, 0x00000000ef900000, 0x00000000ef900000|100%| E|CS|TAMS 0x00000000ef800000, 0x00000000ef800000| Complete 
| 249|0x00000000ef900000, 0x00000000efa00000, 0x00000000efa00000|100%| E|CS|TAMS 0x00000000ef900000, 0x00000000ef900000| Complete 
| 250|0x00000000efa00000, 0x00000000efb00000, 0x00000000efb00000|100%| E|CS|TAMS 0x00000000efa00000, 0x00000000efa00000| Complete 
| 251|0x00000000efb00000, 0x00000000efc00000, 0x00000000efc00000|100%| E|CS|TAMS 0x00000000efb00000, 0x00000000efb00000| Complete 
| 252|0x00000000efc00000, 0x00000000efd00000, 0x00000000efd00000|100%| E|CS|TAMS 0x00000000efc00000, 0x00000000efc00000| Complete 
| 253|0x00000000efd00000, 0x00000000efe00000, 0x00000000efe00000|100%| E|CS|TAMS 0x00000000efd00000, 0x00000000efd00000| Complete 
| 254|0x00000000efe00000, 0x00000000eff00000, 0x00000000eff00000|100%| E|CS|TAMS 0x00000000efe00000, 0x00000000efe00000| Complete 
| 255|0x00000000eff00000, 0x00000000f0000000, 0x00000000f0000000|100%| E|CS|TAMS 0x00000000eff00000, 0x00000000eff00000| Complete 

Card table byte_map: [0x00000204d30b0000,0x00000204d31b0000] _byte_map_base: 0x00000204d29b0000

Marking Bits (Prev, Next): (CMBitMap*) 0x00000204b9c054a8, (CMBitMap*) 0x00000204b9c05468
 Prev Bits: [0x00000204d3ab0000, 0x00000204d42b0000)
 Next Bits: [0x00000204d32b0000, 0x00000204d3ab0000)

Polling page: 0x00000204b99d0000

Metaspace:

Usage:
  Non-class:     24.48 MB capacity,    24.02 MB ( 98%) used,   404.98 KB (  2%) free+waste,    57.50 KB ( <1%) overhead. 
      Class:      4.04 MB capacity,     3.77 MB ( 93%) used,   246.09 KB (  6%) free+waste,    29.56 KB ( <1%) overhead. 
       Both:     28.52 MB capacity,    27.80 MB ( 97%) used,   651.07 KB (  2%) free+waste,    87.06 KB ( <1%) overhead. 

Virtual space:
  Non-class space:       26.00 MB reserved,      24.67 MB ( 95%) committed 
      Class space:      248.00 MB reserved,       4.13 MB (  2%) committed 
             Both:      274.00 MB reserved,      28.80 MB ( 11%) committed 

Chunk freelists:
   Non-Class:  8.00 KB
       Class:  23.00 KB
        Both:  31.00 KB

MaxMetaspaceSize: 256.00 MB
CompressedClassSpaceSize: 248.00 MB

CodeHeap 'non-profiled nmethods': size=120064Kb used=1341Kb max_used=1341Kb free=118722Kb
 bounds [0x00000204cb670000, 0x00000204cb8e0000, 0x00000204d2bb0000]
CodeHeap 'profiled nmethods': size=120000Kb used=6305Kb max_used=6305Kb free=113694Kb
 bounds [0x00000204c4140000, 0x00000204c4770000, 0x00000204cb670000]
CodeHeap 'non-nmethods': size=5696Kb used=2297Kb max_used=2297Kb free=3399Kb
 bounds [0x00000204c3bb0000, 0x00000204c3e20000, 0x00000204c4140000]
 total_blobs=3559 nmethods=2791 adapters=680
 compilation: enabled
              stopped_count=0, restarted_count=0
 full_count=0

Compilation events (20 events):
Event: 3.120 Thread 0x00000204d6ffd000 2784       3       java.util.stream.Collectors$$Lambda$97/0x0000000800c81840::apply (8 bytes)
Event: 3.120 Thread 0x00000204d6ffd000 nmethod 2784 0x00000204c4763290 code [0x00000204c4763440, 0x00000204c47636a8]
Event: 3.121 Thread 0x00000204d6ffd000 2785       3       org.codehaus.groovy.reflection.ClassInfo::isSAM (13 bytes)
Event: 3.121 Thread 0x00000204d6ffd000 nmethod 2785 0x00000204c4763790 code [0x00000204c4763940, 0x00000204c4763b28]
Event: 3.123 Thread 0x00000204d6ffd000 2786       3       java.lang.System$2::getConstantPool (5 bytes)
Event: 3.123 Thread 0x00000204d6ffd000 nmethod 2786 0x00000204c4763c10 code [0x00000204c4763dc0, 0x00000204c4763f08]
Event: 3.123 Thread 0x00000204d6ffd000 2787       3       jdk.internal.org.objectweb.asm.Frame::addInitializedType (77 bytes)
Event: 3.123 Thread 0x00000204d6ffd000 nmethod 2787 0x00000204c4764010 code [0x00000204c47641e0, 0x00000204c4764748]
Event: 3.124 Thread 0x00000204d6ffd000 2788       1       sun.reflect.generics.tree.MethodTypeSignature::getParameterTypes (5 bytes)
Event: 3.124 Thread 0x00000204d6ffd000 nmethod 2788 0x00000204cb7bf310 code [0x00000204cb7bf4a0, 0x00000204cb7bf578]
Event: 3.124 Thread 0x00000204d6ffd000 2789       3       java.beans.MethodRef::isSet (13 bytes)
Event: 3.124 Thread 0x00000204d6ffd000 nmethod 2789 0x00000204c4764910 code [0x00000204c4764aa0, 0x00000204c4764c18]
Event: 3.125 Thread 0x00000204d6ffd000 2790       3       org.codehaus.groovy.util.ComplexKeyHashMap$1::nextEntry (69 bytes)
Event: 3.125 Thread 0x00000204d6ffd000 nmethod 2790 0x00000204c4764c90 code [0x00000204c4764e60, 0x00000204c4765228]
Event: 3.129 Thread 0x00000204d6ffd000 2791       3       org.codehaus.groovy.util.LockableObject::lock (25 bytes)
Event: 3.129 Thread 0x00000204d6ffd000 nmethod 2791 0x00000204c4765410 code [0x00000204c47655e0, 0x00000204c4765a38]
Event: 3.130 Thread 0x00000204d6ffd000 2792       3       sun.reflect.generics.parser.SignatureParser::parseZeroOrMoreFormalTypeParameters (19 bytes)
Event: 3.130 Thread 0x00000204d6ffd000 nmethod 2792 0x00000204c4765b90 code [0x00000204c4765d40, 0x00000204c4765fb8]
Event: 3.130 Thread 0x00000204d6ffd000 2793       3       sun.reflect.generics.parser.SignatureParser::parseTypeArgument (135 bytes)
Event: 3.131 Thread 0x00000204d6ffd000 nmethod 2793 0x00000204c4766090 code [0x00000204c47663e0, 0x00000204c47680a8]

GC Heap History (12 events):
Event: 0.561 GC heap before
{Heap before GC invocations=0 (full 0):
 garbage-first heap   total 262144K, used 17408K [0x00000000e0000000, 0x0000000100000000)
  region size 1024K, 12 young (12288K), 0 survivors (0K)
 Metaspace       used 1366K, capacity 5019K, committed 5120K, reserved 262144K
  class space    used 134K, capacity 480K, committed 512K, reserved 253952K
}
Event: 0.569 GC heap after
{Heap after GC invocations=1 (full 0):
 garbage-first heap   total 262144K, used 8099K [0x00000000e0000000, 0x0000000100000000)
  region size 1024K, 2 young (2048K), 2 survivors (2048K)
 Metaspace       used 1366K, capacity 5019K, committed 5120K, reserved 262144K
  class space    used 134K, capacity 480K, committed 512K, reserved 253952K
}
Event: 0.781 GC heap before
{Heap before GC invocations=1 (full 0):
 garbage-first heap   total 262144K, used 18339K [0x00000000e0000000, 0x0000000100000000)
  region size 1024K, 12 young (12288K), 2 survivors (2048K)
 Metaspace       used 3497K, capacity 6410K, committed 6656K, reserved 262144K
  class space    used 451K, capacity 754K, committed 768K, reserved 253952K
}
Event: 0.783 GC heap after
{Heap after GC invocations=2 (full 0):
 garbage-first heap   total 262144K, used 8837K [0x00000000e0000000, 0x0000000100000000)
  region size 1024K, 1 young (1024K), 1 survivors (1024K)
 Metaspace       used 3497K, capacity 6410K, committed 6656K, reserved 262144K
  class space    used 451K, capacity 754K, committed 768K, reserved 253952K
}
Event: 0.942 GC heap before
{Heap before GC invocations=2 (full 0):
 garbage-first heap   total 262144K, used 22149K [0x00000000e0000000, 0x0000000100000000)
  region size 1024K, 14 young (14336K), 1 survivors (1024K)
 Metaspace       used 3945K, capacity 6659K, committed 6784K, reserved 262144K
  class space    used 500K, capacity 794K, committed 896K, reserved 253952K
}
Event: 0.943 GC heap after
{Heap after GC invocations=3 (full 0):
 garbage-first heap   total 262144K, used 9104K [0x00000000e0000000, 0x0000000100000000)
  region size 1024K, 1 young (1024K), 1 survivors (1024K)
 Metaspace       used 3945K, capacity 6659K, committed 6784K, reserved 262144K
  class space    used 500K, capacity 794K, committed 896K, reserved 253952K
}
Event: 1.780 GC heap before
{Heap before GC invocations=3 (full 0):
 garbage-first heap   total 262144K, used 74640K [0x00000000e0000000, 0x0000000100000000)
  region size 1024K, 65 young (66560K), 1 survivors (1024K)
 Metaspace       used 12367K, capacity 12766K, committed 12928K, reserved 266240K
  class space    used 1677K, capacity 1824K, committed 1920K, reserved 253952K
}
Event: 1.788 GC heap after
{Heap after GC invocations=4 (full 0):
 garbage-first heap   total 262144K, used 15942K [0x00000000e0000000, 0x0000000100000000)
  region size 1024K, 8 young (8192K), 8 survivors (8192K)
 Metaspace       used 12367K, capacity 12766K, committed 12928K, reserved 266240K
  class space    used 1677K, capacity 1824K, committed 1920K, reserved 253952K
}
Event: 2.522 GC heap before
{Heap before GC invocations=4 (full 0):
 garbage-first heap   total 262144K, used 70214K [0x00000000e0000000, 0x0000000100000000)
  region size 1024K, 61 young (62464K), 8 survivors (8192K)
 Metaspace       used 19076K, capacity 19681K, committed 19968K, reserved 272384K
  class space    used 2756K, capacity 2969K, committed 3072K, reserved 253952K
}
Event: 2.532 GC heap after
{Heap after GC invocations=5 (full 0):
 garbage-first heap   total 262144K, used 18215K [0x00000000e0000000, 0x0000000100000000)
  region size 1024K, 3 young (3072K), 3 survivors (3072K)
 Metaspace       used 19076K, capacity 19681K, committed 19968K, reserved 272384K
  class space    used 2756K, capacity 2969K, committed 3072K, reserved 253952K
}
Event: 2.658 GC heap before
{Heap before GC invocations=5 (full 0):
 garbage-first heap   total 262144K, used 31527K [0x00000000e0000000, 0x0000000100000000)
  region size 1024K, 17 young (17408K), 3 survivors (3072K)
 Metaspace       used 20628K, capacity 21209K, committed 21296K, reserved 272384K
  class space    used 2995K, capacity 3178K, committed 3200K, reserved 253952K
}
Event: 2.661 GC heap after
{Heap after GC invocations=6 (full 0):
 garbage-first heap   total 262144K, used 18599K [0x00000000e0000000, 0x0000000100000000)
  region size 1024K, 3 young (3072K), 3 survivors (3072K)
 Metaspace       used 20628K, capacity 21209K, committed 21296K, reserved 272384K
  class space    used 2995K, capacity 3178K, committed 3200K, reserved 253952K
}

Deoptimization events (20 events):
Event: 2.832 Thread 0x00000204d8249800 Uncommon trap: trap_request=0xffffff45 fr.pc=0x00000204cb748fd4 relative=0x0000000000003074
Event: 2.832 Thread 0x00000204d8249800 Uncommon trap: reason=unstable_if action=reinterpret pc=0x00000204cb748fd4 method=java.lang.ClassLoader.getClassLoadingLock(Ljava/lang/String;)Ljava/lang/Object; @ 6 c2
Event: 2.832 Thread 0x00000204d8249800 DEOPT PACKING pc=0x00000204cb748fd4 sp=0x00000007e82f9840
Event: 2.832 Thread 0x00000204d8249800 DEOPT UNPACKING pc=0x00000204c3bf912f sp=0x00000007e82f9820 mode 2
Event: 3.031 Thread 0x00000204d8249800 Uncommon trap: trap_request=0xffffffbe fr.pc=0x00000204cb7b7174 relative=0x00000000000008b4
Event: 3.031 Thread 0x00000204d8249800 Uncommon trap: reason=profile_predicate action=maybe_recompile pc=0x00000204cb7b7174 method=java.lang.PublicMethods$MethodList.filter([Ljava/lang/reflect/Method;Ljava/lang/String;[Ljava/lang/Class;Z)Ljava/lang/PublicMethods$MethodList; @ 21 c2
Event: 3.031 Thread 0x00000204d8249800 DEOPT PACKING pc=0x00000204cb7b7174 sp=0x00000007e82f9920
Event: 3.031 Thread 0x00000204d8249800 DEOPT UNPACKING pc=0x00000204c3bf912f sp=0x00000007e82f98d8 mode 2
Event: 3.031 Thread 0x00000204d8249800 Uncommon trap: trap_request=0xffffffbe fr.pc=0x00000204cb7b7174 relative=0x00000000000008b4
Event: 3.031 Thread 0x00000204d8249800 Uncommon trap: reason=profile_predicate action=maybe_recompile pc=0x00000204cb7b7174 method=java.lang.PublicMethods$MethodList.filter([Ljava/lang/reflect/Method;Ljava/lang/String;[Ljava/lang/Class;Z)Ljava/lang/PublicMethods$MethodList; @ 21 c2
Event: 3.031 Thread 0x00000204d8249800 DEOPT PACKING pc=0x00000204cb7b7174 sp=0x00000007e82f9920
Event: 3.031 Thread 0x00000204d8249800 DEOPT UNPACKING pc=0x00000204c3bf912f sp=0x00000007e82f98d8 mode 2
Event: 3.052 Thread 0x00000204d8249800 Uncommon trap: trap_request=0xffffffbe fr.pc=0x00000204cb7b7174 relative=0x00000000000008b4
Event: 3.052 Thread 0x00000204d8249800 Uncommon trap: reason=profile_predicate action=maybe_recompile pc=0x00000204cb7b7174 method=java.lang.PublicMethods$MethodList.filter([Ljava/lang/reflect/Method;Ljava/lang/String;[Ljava/lang/Class;Z)Ljava/lang/PublicMethods$MethodList; @ 21 c2
Event: 3.052 Thread 0x00000204d8249800 DEOPT PACKING pc=0x00000204cb7b7174 sp=0x00000007e82f9fb0
Event: 3.052 Thread 0x00000204d8249800 DEOPT UNPACKING pc=0x00000204c3bf912f sp=0x00000007e82f9f68 mode 2
Event: 3.052 Thread 0x00000204d8249800 Uncommon trap: trap_request=0xffffffbe fr.pc=0x00000204cb7b7174 relative=0x00000000000008b4
Event: 3.052 Thread 0x00000204d8249800 Uncommon trap: reason=profile_predicate action=maybe_recompile pc=0x00000204cb7b7174 method=java.lang.PublicMethods$MethodList.filter([Ljava/lang/reflect/Method;Ljava/lang/String;[Ljava/lang/Class;Z)Ljava/lang/PublicMethods$MethodList; @ 21 c2
Event: 3.052 Thread 0x00000204d8249800 DEOPT PACKING pc=0x00000204cb7b7174 sp=0x00000007e82f9f90
Event: 3.052 Thread 0x00000204d8249800 DEOPT UNPACKING pc=0x00000204c3bf912f sp=0x00000007e82f9f48 mode 2

Classes unloaded (0 events):
No events

Classes redefined (0 events):
No events

Internal exceptions (20 events):
Event: 3.026 Thread 0x00000204d8249800 Exception <a 'java/lang/ClassNotFoundException'{0x00000000ee03ce40}: groovy/lang/ScriptCustomizer> (0x00000000ee03ce40) 
thrown [./open/src/hotspot/share/classfile/systemDictionary.cpp, line 226]
Event: 3.027 Thread 0x00000204d8249800 Exception <a 'java/lang/ClassNotFoundException'{0x00000000ee0533b0}: org/gradle/groovy/scripts/ScriptCustomizer> (0x00000000ee0533b0) 
thrown [./open/src/hotspot/share/classfile/systemDictionary.cpp, line 226]
Event: 3.027 Thread 0x00000204d8249800 Exception <a 'java/lang/ClassNotFoundException'{0x00000000ee067f00}: org/gradle/groovy/scripts/BasicScriptCustomizer> (0x00000000ee067f00) 
thrown [./open/src/hotspot/share/classfile/systemDictionary.cpp, line 226]
Event: 3.028 Thread 0x00000204d8249800 Exception <a 'java/lang/ClassNotFoundException'{0x00000000ee081810}: org/gradle/groovy/scripts/DefaultScriptCustomizer> (0x00000000ee081810) 
thrown [./open/src/hotspot/share/classfile/systemDictionary.cpp, line 226]
Event: 3.030 Thread 0x00000204d8249800 Exception <a 'java/lang/ClassNotFoundException'{0x00000000ee0c54e8}: org/gradle/initialization/InitScriptCustomizer> (0x00000000ee0c54e8) 
thrown [./open/src/hotspot/share/classfile/systemDictionary.cpp, line 226]
Event: 3.031 Thread 0x00000204d8249800 Exception <a 'java/lang/ClassNotFoundException'{0x00000000ee0d5408}: ijresolvers_705hism2p9q0m451dm5yj1yjnCustomizer> (0x00000000ee0d5408) 
thrown [./open/src/hotspot/share/classfile/systemDictionary.cpp, line 226]
Event: 3.037 Thread 0x00000204d8249800 Exception <a 'java/lang/ClassNotFoundException'{0x00000000edf900e8}: org/gradle/internal/extensibility/DefaultExtraPropertiesExtensionBeanInfo> (0x00000000edf900e8) 
thrown [./open/src/hotspot/share/classfile/systemDictionary.cpp, line 226]
Event: 3.037 Thread 0x00000204d8249800 Exception <a 'java/lang/ClassNotFoundException'{0x00000000edfa0178}: org/gradle/internal/extensibility/DefaultExtraPropertiesExtensionCustomizer> (0x00000000edfa0178) 
thrown [./open/src/hotspot/share/classfile/systemDictionary.cpp, line 226]
Event: 3.062 Thread 0x00000204d8249800 Exception <a 'java/lang/ClassNotFoundException'{0x00000000edcaeaf0}: org/gradle/invocation/DefaultGradle_DecoratedBeanInfo> (0x00000000edcaeaf0) 
thrown [./open/src/hotspot/share/classfile/systemDictionary.cpp, line 226]
Event: 3.062 Thread 0x00000204d8249800 Exception <a 'java/lang/ClassNotFoundException'{0x00000000edcc7698}: org/gradle/invocation/DefaultGradleBeanInfo> (0x00000000edcc7698) 
thrown [./open/src/hotspot/share/classfile/systemDictionary.cpp, line 226]
Event: 3.062 Thread 0x00000204d8249800 Exception <a 'java/lang/ClassNotFoundException'{0x00000000edce3348}: org/gradle/api/internal/project/AbstractPluginAwareBeanInfo> (0x00000000edce3348) 
thrown [./open/src/hotspot/share/classfile/systemDictionary.cpp, line 226]
Event: 3.063 Thread 0x00000204d8249800 Exception <a 'java/lang/ClassNotFoundException'{0x00000000edcfefc8}: org/gradle/api/internal/project/AbstractPluginAwareCustomizer> (0x00000000edcfefc8) 
thrown [./open/src/hotspot/share/classfile/systemDictionary.cpp, line 226]
Event: 3.064 Thread 0x00000204d8249800 Exception <a 'java/lang/ClassNotFoundException'{0x00000000edb20b18}: org/gradle/invocation/DefaultGradleCustomizer> (0x00000000edb20b18) 
thrown [./open/src/hotspot/share/classfile/systemDictionary.cpp, line 226]
Event: 3.067 Thread 0x00000204d8249800 Exception <a 'java/lang/ClassNotFoundException'{0x00000000edb6a8c8}: org/gradle/invocation/DefaultGradle_DecoratedCustomizer> (0x00000000edb6a8c8) 
thrown [./open/src/hotspot/share/classfile/systemDictionary.cpp, line 226]
Event: 3.084 Thread 0x00000204d8249800 Exception <a 'java/lang/ClassNotFoundException'{0x00000000edaaf140}: groovy/lang/Closure$1BeanInfo> (0x00000000edaaf140) 
thrown [./open/src/hotspot/share/classfile/systemDictionary.cpp, line 226]
Event: 3.084 Thread 0x00000204d8249800 Exception <a 'java/lang/ClassNotFoundException'{0x00000000edac4b90}: groovy/lang/ClosureBeanInfo> (0x00000000edac4b90) 
thrown [./open/src/hotspot/share/classfile/systemDictionary.cpp, line 226]
Event: 3.084 Thread 0x00000204d8249800 Exception <a 'java/lang/ClassNotFoundException'{0x00000000edada620}: groovy/lang/ClosureCustomizer> (0x00000000edada620) 
thrown [./open/src/hotspot/share/classfile/systemDictionary.cpp, line 226]
Event: 3.091 Thread 0x00000204d8249800 Exception <a 'java/lang/ClassNotFoundException'{0x00000000ed90e2d0}: groovy/lang/Closure$1Customizer> (0x00000000ed90e2d0) 
thrown [./open/src/hotspot/share/classfile/systemDictionary.cpp, line 226]
Event: 3.122 Thread 0x00000204d8249800 Exception <a 'java/lang/ClassNotFoundException'{0x00000000ed8c3650}: org/gradle/execution/taskgraph/DefaultTaskExecutionGraphBeanInfo> (0x00000000ed8c3650) 
thrown [./open/src/hotspot/share/classfile/systemDictionary.cpp, line 226]
Event: 3.122 Thread 0x00000204d8249800 Exception <a 'java/lang/ClassNotFoundException'{0x00000000ed8e0078}: org/gradle/execution/taskgraph/DefaultTaskExecutionGraphCustomizer> (0x00000000ed8e0078) 
thrown [./open/src/hotspot/share/classfile/systemDictionary.cpp, line 226]

Events (20 events):
Event: 3.003 loading class java/util/concurrent/locks/ReentrantReadWriteLock$NonfairSync done
Event: 3.003 loading class java/util/concurrent/locks/ReentrantReadWriteLock$Sync$ThreadLocalHoldCounter
Event: 3.003 loading class java/util/concurrent/locks/ReentrantReadWriteLock$Sync$ThreadLocalHoldCounter done
Event: 3.003 loading class java/util/concurrent/locks/ReentrantReadWriteLock$ReadLock
Event: 3.003 loading class java/util/concurrent/locks/ReentrantReadWriteLock$ReadLock done
Event: 3.003 loading class java/util/concurrent/locks/ReentrantReadWriteLock$WriteLock
Event: 3.003 loading class java/util/concurrent/locks/ReentrantReadWriteLock$WriteLock done
Event: 3.024 Executing VM operation: ICBufferFull
Event: 3.024 Executing VM operation: ICBufferFull done
Event: 3.044 Thread 0x00000204d9f30000 Thread added: 0x00000204d9f30000
Event: 3.091 loading class com/sun/beans/finder/MethodFinder
Event: 3.091 loading class com/sun/beans/finder/AbstractFinder
Event: 3.091 loading class com/sun/beans/finder/AbstractFinder done
Event: 3.091 loading class com/sun/beans/finder/MethodFinder done
Event: 3.091 loading class com/sun/beans/finder/MethodFinder$1
Event: 3.091 loading class com/sun/beans/finder/MethodFinder$1 done
Event: 3.091 loading class com/sun/beans/finder/FinderUtils
Event: 3.091 loading class com/sun/beans/finder/FinderUtils done
Event: 3.092 Executing VM operation: HandshakeOneThread
Event: 3.092 Executing VM operation: HandshakeOneThread done


Dynamic libraries:
0x00007ff644140000 - 0x00007ff64414f000 	C:\Program Files\Java\jdk-14.0.2\bin\java.exe
0x00007ff84c020000 - 0x00007ff84c210000 	C:\WINDOWS\SYSTEM32\ntdll.dll
0x00007ff84a0e0000 - 0x00007ff84a192000 	C:\WINDOWS\System32\KERNEL32.DLL
0x00007ff849010000 - 0x00007ff8492b5000 	C:\WINDOWS\System32\KERNELBASE.dll
0x00007ff849310000 - 0x00007ff84940a000 	C:\WINDOWS\System32\ucrtbase.dll
0x00007ff846ef0000 - 0x00007ff846f08000 	C:\Program Files\Java\jdk-14.0.2\bin\jli.dll
0x00007ff84b030000 - 0x00007ff84b0d3000 	C:\WINDOWS\System32\ADVAPI32.dll
0x00007ff84ad10000 - 0x00007ff84adae000 	C:\WINDOWS\System32\msvcrt.dll
0x00007ff84ae80000 - 0x00007ff84af17000 	C:\WINDOWS\System32\sechost.dll
0x00007ff84a8c0000 - 0x00007ff84a9e0000 	C:\WINDOWS\System32\RPCRT4.dll
0x00007ff84b770000 - 0x00007ff84b905000 	C:\WINDOWS\System32\USER32.dll
0x00007ff849410000 - 0x00007ff849431000 	C:\WINDOWS\System32\win32u.dll
0x00007ff84ace0000 - 0x00007ff84ad06000 	C:\WINDOWS\System32\GDI32.dll
0x00007ff849e70000 - 0x00007ff84a006000 	C:\WINDOWS\System32\gdi32full.dll
0x00007ff84a030000 - 0x00007ff84a0ce000 	C:\WINDOWS\System32\msvcp_win.dll
0x00007ff836f30000 - 0x00007ff836f45000 	C:\Program Files\Java\jdk-14.0.2\bin\VCRUNTIME140.dll
0x00007ff836c30000 - 0x00007ff836eb4000 	C:\WINDOWS\WinSxS\amd64_microsoft.windows.common-controls_6595b64144ccf1df_6.0.18362.1082_none_9e8193e1e45b25c1\COMCTL32.dll
0x00007ff84b110000 - 0x00007ff84b445000 	C:\WINDOWS\System32\combase.dll
0x00007ff849df0000 - 0x00007ff849e70000 	C:\WINDOWS\System32\bcryptPrimitives.dll
0x00007ff840ad0000 - 0x00007ff840ada000 	C:\WINDOWS\SYSTEM32\VERSION.dll
0x00007ff84b0e0000 - 0x00007ff84b10e000 	C:\WINDOWS\System32\IMM32.DLL
0x00007ff8291a0000 - 0x00007ff82923b000 	C:\Program Files\Java\jdk-14.0.2\bin\msvcp140.dll
0x00007ff80f420000 - 0x00007ff80ff3e000 	C:\Program Files\Java\jdk-14.0.2\bin\server\jvm.dll
0x00007ff84a1c0000 - 0x00007ff84a1c8000 	C:\WINDOWS\System32\PSAPI.DLL
0x00007ff8286e0000 - 0x00007ff8286e9000 	C:\WINDOWS\SYSTEM32\WSOCK32.dll
0x00007ff84ab20000 - 0x00007ff84ab8f000 	C:\WINDOWS\System32\WS2_32.dll
0x00007ff846e20000 - 0x00007ff846e44000 	C:\WINDOWS\SYSTEM32\WINMM.dll
0x00007ff846df0000 - 0x00007ff846e1d000 	C:\WINDOWS\SYSTEM32\WINMMBASE.dll
0x00007ff8492c0000 - 0x00007ff84930a000 	C:\WINDOWS\System32\cfgmgr32.dll
0x00007ff848f90000 - 0x00007ff848fa1000 	C:\WINDOWS\System32\kernel.appcore.dll
0x00007ff83e300000 - 0x00007ff83e30a000 	C:\Program Files\Java\jdk-14.0.2\bin\jimage.dll
0x00007ff83ffb0000 - 0x00007ff8401a4000 	C:\WINDOWS\SYSTEM32\DBGHELP.DLL
0x00007ff840ae0000 - 0x00007ff840b0a000 	C:\WINDOWS\SYSTEM32\dbgcore.DLL
0x00007ff834660000 - 0x00007ff834685000 	C:\Program Files\Java\jdk-14.0.2\bin\java.dll
0x00007ff832800000 - 0x00007ff832816000 	C:\Program Files\Java\jdk-14.0.2\bin\zip.dll
0x00007ff84a1d0000 - 0x00007ff84a8b7000 	C:\WINDOWS\System32\SHELL32.dll
0x00007ff84af20000 - 0x00007ff84afc9000 	C:\WINDOWS\System32\shcore.dll
0x00007ff849520000 - 0x00007ff849ca0000 	C:\WINDOWS\System32\windows.storage.dll
0x00007ff848ef0000 - 0x00007ff848f13000 	C:\WINDOWS\System32\profapi.dll
0x00007ff848f40000 - 0x00007ff848f8a000 	C:\WINDOWS\System32\powrprof.dll
0x00007ff848ee0000 - 0x00007ff848ef0000 	C:\WINDOWS\System32\UMPDC.dll
0x00007ff84ac00000 - 0x00007ff84ac52000 	C:\WINDOWS\System32\shlwapi.dll
0x00007ff84a010000 - 0x00007ff84a027000 	C:\WINDOWS\System32\cryptsp.dll
0x00007ff8327e0000 - 0x00007ff8327f9000 	C:\Program Files\Java\jdk-14.0.2\bin\net.dll
0x00007ff841b80000 - 0x00007ff841c70000 	C:\WINDOWS\SYSTEM32\WINHTTP.dll
0x00007ff8486d0000 - 0x00007ff848737000 	C:\WINDOWS\system32\mswsock.dll
0x00007ff82bf50000 - 0x00007ff82bf62000 	C:\Program Files\Java\jdk-14.0.2\bin\nio.dll
0x00007ff83e2d0000 - 0x00007ff83e2e0000 	C:\Program Files\Java\jdk-14.0.2\bin\verify.dll
0x00007ff83dd80000 - 0x00007ff83dda7000 	C:\Users\d503t\.gradle\native\f6784746aeab05261644944871eae4fe03e0ef1612fff0a4a95f87b438bc6780\windows-amd64\native-platform.dll
0x00007ff83c360000 - 0x00007ff83c369000 	C:\Program Files\Java\jdk-14.0.2\bin\management.dll
0x00007ff83c000000 - 0x00007ff83c00b000 	C:\Program Files\Java\jdk-14.0.2\bin\management_ext.dll
0x00007ff848240000 - 0x00007ff848273000 	C:\WINDOWS\system32\rsaenh.dll
0x00007ff8494f0000 - 0x00007ff849516000 	C:\WINDOWS\System32\bcrypt.dll
0x00007ff848dc0000 - 0x00007ff848de5000 	C:\WINDOWS\SYSTEM32\USERENV.dll
0x00007ff8488a0000 - 0x00007ff8488ac000 	C:\WINDOWS\SYSTEM32\CRYPTBASE.dll
0x00007ff8483e0000 - 0x00007ff84841a000 	C:\WINDOWS\SYSTEM32\IPHLPAPI.DLL
0x00007ff84a0d0000 - 0x00007ff84a0d8000 	C:\WINDOWS\System32\NSI.dll
0x00007ff842b70000 - 0x00007ff842b86000 	C:\WINDOWS\SYSTEM32\dhcpcsvc6.DLL
0x00007ff842b50000 - 0x00007ff842b6c000 	C:\WINDOWS\SYSTEM32\dhcpcsvc.DLL
0x00007ff848430000 - 0x00007ff8484fb000 	C:\WINDOWS\SYSTEM32\DNSAPI.dll
0x00007ff842b90000 - 0x00007ff842b9b000 	C:\WINDOWS\SYSTEM32\WINNSI.DLL

dbghelp: loaded successfully - version: 4.0.5 - missing functions: none
symbol engine: initialized successfully - sym options: 0x614 - pdb path: .;C:\Program Files\Java\jdk-14.0.2\bin;C:\WINDOWS\SYSTEM32;C:\WINDOWS\WinSxS\amd64_microsoft.windows.common-controls_6595b64144ccf1df_6.0.18362.1082_none_9e8193e1e45b25c1;C:\Program Files\Java\jdk-14.0.2\bin\server;C:\Users\d503t\.gradle\native\f6784746aeab05261644944871eae4fe03e0ef1612fff0a4a95f87b438bc6780\windows-amd64

VM Arguments:
jvm_args: --add-opens=java.base/java.util=ALL-UNNAMED --add-opens=java.base/java.lang=ALL-UNNAMED --add-opens=java.base/java.lang.invoke=ALL-UNNAMED --add-opens=java.prefs/java.util.prefs=ALL-UNNAMED -XX:MaxMetaspaceSize=256m -XX:+HeapDumpOnOutOfMemoryError -Xms256m -Xmx512m -Dfile.encoding=windows-1252 -Duser.country=US -Duser.language=en -Duser.variant 
java_command: org.gradle.launcher.daemon.bootstrap.GradleDaemon 6.5.1
java_class_path (initial): C:\Users\d503t\.gradle\wrapper\dists\gradle-6.5.1-all\cdund22i8guosqylfo49op4dv\gradle-6.5.1\lib\gradle-launcher-6.5.1.jar
Launcher Type: SUN_STANDARD

[Global flags]
     intx CICompilerCount                          = 2                                         {product} {ergonomic}
   size_t CompressedClassSpaceSize                 = 260046848                                 {product} {ergonomic}
     uint ConcGCThreads                            = 1                                         {product} {ergonomic}
     uint G1ConcRefinementThreads                  = 2                                         {product} {ergonomic}
   size_t G1HeapRegionSize                         = 1048576                                   {product} {ergonomic}
    uintx GCDrainStackTargetSize                   = 64                                        {product} {ergonomic}
     bool HeapDumpOnOutOfMemoryError               = true                                   {manageable} {command line}
   size_t InitialHeapSize                          = 268435456                                 {product} {command line}
   size_t MarkStackSize                            = 4194304                                   {product} {ergonomic}
   size_t MaxHeapSize                              = 536870912                                 {product} {command line}
   size_t MaxMetaspaceSize                         = 268435456                                 {product} {command line}
   size_t MaxNewSize                               = 321912832                                 {product} {ergonomic}
   size_t MinHeapDeltaBytes                        = 1048576                                   {product} {ergonomic}
   size_t MinHeapSize                              = 268435456                                 {product} {command line}
    uintx NonNMethodCodeHeapSize                   = 5826188                                {pd product} {ergonomic}
    uintx NonProfiledCodeHeapSize                  = 122916026                              {pd product} {ergonomic}
    uintx ProfiledCodeHeapSize                     = 122916026                              {pd product} {ergonomic}
    uintx ReservedCodeCacheSize                    = 251658240                              {pd product} {ergonomic}
     bool SegmentedCodeCache                       = true                                      {product} {ergonomic}
   size_t SoftMaxHeapSize                          = 536870912                              {manageable} {ergonomic}
     bool UseCompressedClassPointers               = true                                 {lp64_product} {ergonomic}
     bool UseCompressedOops                        = true                                 {lp64_product} {ergonomic}
     bool UseG1GC                                  = true                                      {product} {ergonomic}
     bool UseLargePagesIndividualAllocation        = false                                  {pd product} {ergonomic}

Logging:
Log output configuration:
 #0: stdout all=warning uptime,level,tags
 #1: stderr all=off uptime,level,tags

Environment Variables:
PATH=C:\WINDOWS\system32;C:\WINDOWS;C:\WINDOWS\System32\Wbem;C:\WINDOWS\System32\WindowsPowerShell\v1.0\;C:\WINDOWS\System32\OpenSSH\;C:\Program Files\Git\cmd;C:\Users\d503t\AppData\Local\Microsoft\WindowsApps;;C:\Program Files\JetBrains\IntelliJ IDEA Community Edition 2020.2\bin;
USERNAME=d503t
OS=Windows_NT
PROCESSOR_IDENTIFIER=Intel64 Family 6 Model 94 Stepping 3, GenuineIntel



---------------  S Y S T E M  ---------------

OS: Windows 10 , 64 bit Build 18362 (10.0.18362.1082)
OS uptime: 0 days 9:14 hours
KVM virtualization detected

CPU:total 2 (initial active 2) (1 cores per cpu, 1 threads per core) family 6 model 94 stepping 3, cmov, cx8, fxsr, mmx, sse, sse2, sse3, ssse3, sse4.1, sse4.2, popcnt, avx, avx2, aes, clmul, erms, rtm, 3dnowpref, lzcnt, tsc, bmi1, bmi2, adx, fma

Memory: 4k page, system-wide physical 8191M (336M free)
TotalPageFile size 15738M (AvailPageFile size 5M)
current process WorkingSet (physical memory assigned to process): 210M, peak: 210M
current process commit charge ("private bytes"): 412M, peak: 413M

vm_info: Java HotSpot(TM) 64-Bit Server VM (14.0.2+12-46) for windows-amd64 JRE (14.0.2+12-46), built on Jul  9 2020 00:35:52 by "mach5one" with MS VC++ 15.9 (VS2017)

END.
